g5_modules: Setting BASEDIR and modules for borgs068
/bin/rm: No match.
[1] 12094
[2] 12095
[1]    Done                          if ( -e /discover/nobackup/dmenemen/Heracles-5_4/TEST/agcm_import_rst ) /bin/cp ...
[3] 12096
[2]    Done                          if ( -e /discover/nobackup/dmenemen/Heracles-5_4/TEST/agcm_internal_rst )  ...
[4] 12097
[5] 12098
[6] 12099
[7] 12100
[8] 12101
[7]    Done                          if ( -e /discover/nobackup/dmenemen/Heracles-5_4/TEST/catchcn_internal_rst )  ...
[9] 12102
[1] 12103
[2] 12104
[9]    Done                          if ( -e /discover/nobackup/dmenemen/Heracles-5_4/TEST/moist_import_rst )  ...
[9] 12105
[2]    Done                          if ( -e /discover/nobackup/dmenemen/Heracles-5_4/TEST/solar_internal_rst )  ...
[1]    Done                          if ( -e /discover/nobackup/dmenemen/Heracles-5_4/TEST/surf_import_rst ) /bin/cp ...
[1] 12106
[2] 12108
[1]    Done                          if ( -e /discover/nobackup/dmenemen/Heracles-5_4/TEST/turb_internal_rst )  ...
[9]    Done                          if ( -e /discover/nobackup/dmenemen/Heracles-5_4/TEST/irrad_internal_rst )  ...
[9] 12109
[2]    Done                          if ( -e /discover/nobackup/dmenemen/Heracles-5_4/TEST/turb_import_rst ) /bin/cp ...
[1] 12111
[2] 12112
[1]    Done                          if ( -e /discover/nobackup/dmenemen/Heracles-5_4/TEST/h2o_internal_rst )  ...
[1] 12113
[2]    Done                          if ( -e /discover/nobackup/dmenemen/Heracles-5_4/TEST/gocart_internal_rst )  ...
[2] 12115
[7] 12116
[1]    Done                          if ( -e /discover/nobackup/dmenemen/Heracles-5_4/TEST/gocartdata_internal_rst ) ...
[2]    Done                          if ( -e /discover/nobackup/dmenemen/Heracles-5_4/TEST/carma_internal_rst )  ...
[1] 12117
[7]    Done                          if ( -e /discover/nobackup/dmenemen/Heracles-5_4/TEST/stratchem_internal_rst )  ...
[2] 12119
[7] 12120
[1]    Done                          if ( -e /discover/nobackup/dmenemen/Heracles-5_4/TEST/stratchem_import_rst )  ...
[1] 12121
[2]    Done                          if ( -e /discover/nobackup/dmenemen/Heracles-5_4/TEST/gmichem_internal_rst )  ...
[2] 12122
[7]    Done                          if ( -e /discover/nobackup/dmenemen/Heracles-5_4/TEST/gmichem_import_rst )  ...
[7] 12123
[1]    Done                          if ( -e /discover/nobackup/dmenemen/Heracles-5_4/TEST/mam_internal_rst )  ...
[1] 12125
[2]    Done                          if ( -e /discover/nobackup/dmenemen/Heracles-5_4/TEST/geosachem_internal_rst )  ...
[2] 12126
[7]    Done                          if ( -e /discover/nobackup/dmenemen/Heracles-5_4/TEST/tr_internal_rst ) /bin/cp ...
[7] 12127
[1]    Done                          if ( -e /discover/nobackup/dmenemen/Heracles-5_4/TEST/tr_import_rst ) /bin/cp  ...
[1] 12128
[10] 12130
[7]    Done                          if ( -e /discover/nobackup/dmenemen/Heracles-5_4/TEST/saltwater_import_rst )  ...
[7] 12131
[1]    Done                          if ( -e /discover/nobackup/dmenemen/Heracles-5_4/TEST/seaice_import_rst )  ...
[1] 12132
[10]   Done                          if ( -e /discover/nobackup/dmenemen/Heracles-5_4/TEST/seaice_internal_rst )  ...
[7]    Done                          if ( -e /discover/nobackup/dmenemen/Heracles-5_4/TEST/orad_import_rst ) /bin/cp ...
[1]  + Done                          if ( -e /discover/nobackup/dmenemen/Heracles-5_4/TEST/vegdyn.data ) /bin/cp  ...
[2]  - Done                          if ( -e /discover/nobackup/dmenemen/Heracles-5_4/TEST/saltwater_internal_rst )  ...
[9]  + Done                          if ( -e /discover/nobackup/dmenemen/Heracles-5_4/TEST/pchem_internal_rst )  ...
[8]  + Done                          if ( -e /discover/nobackup/dmenemen/Heracles-5_4/TEST/moist_internal_rst )  ...
[6]  + Done                          if ( -e /discover/nobackup/dmenemen/Heracles-5_4/TEST/catch_internal_rst )  ...
[5]  + Done                          if ( -e /discover/nobackup/dmenemen/Heracles-5_4/TEST/landice_internal_rst )  ...
[4]  + Done                          if ( -e /discover/nobackup/dmenemen/Heracles-5_4/TEST/lake_internal_rst )  ...
[3]  + Done                          if ( -e /discover/nobackup/dmenemen/Heracles-5_4/TEST/fvcore_internal_rst )  ...
/bin/cp: No match.
/bin/ls: No match.
/bin/ln: No match.
srun.slurm: cluster configuration lacks support for cpu binding
srun.slurm: cluster configuration lacks support for cpu binding
 
 In MAPL_Shmem:
     NumCores per Node =            6
     NumNodes in use   =            1
     Total PEs         =            6
 
 
 In MAPL_InitializeShmem (NodeRootsComm):
     NumNodes in use   =            1
 
   Integer*4 Resource Parameter HEARTBEAT_DT:         900
 NOT using buffer I/O for file: cap_restart
Read CAP restart properly, Current Date =   2000/04/14
                           Current Time =   21:00:00
 
   Character Resource Parameter ROOT_CF: AGCM.rc
   Character Resource Parameter ROOT_NAME: GCS
   Character Resource Parameter HIST_CF: HISTORY.rc
   Character Resource Parameter MAPL_ENABLE_TIMERS: YES
   Integer*4 Resource Parameter USE_CICE_Thermo:           1
   Integer*4 Resource Parameter CICE_N_ICE_CATEGORIES:           5
   Integer*4 Resource Parameter CICE_N_ICE_LAYERS:           4
   Integer*4 Resource Parameter NX:           1
   Integer*4 Resource Parameter NY:           6
   Integer*4 Resource Parameter USE_OCEANOBIOGEOCHEM:           0
   Integer*4 Resource Parameter USE_DATAATM:           0
   Integer*4 Resource Parameter ANALYZE_TS:           0
   Character Resource Parameter REPLAY_MODE: NoReplay
   Character Resource Parameter DYCORE: FV3
   Character Resource Parameter LAYOUT: fvcore_layout.rc
   Integer*4 Resource Parameter AGCM_IM:          12
   Integer*4 Resource Parameter AGCM_LM:          72
   Integer*4 Resource Parameter RUN_DT:         900
   Integer*4 Resource Parameter AdvCore_Advection:           0
Number of Sponge Layers :   9
NOTE from PE    0: MPP_DOMAINS_SET_STACK_SIZE: stack size set to  8388606.
 &MPP_IO_NML
 HEADER_BUFFER_VAL       =       16384,
 GLOBAL_FIELD_ON_ROOT_PE = T,
 IO_CLOCKS_ON    = F,
 SHUFFLE =           0,
 DEFLATE_LEVEL   =          -1
 /
NOTE from PE    0: MPP_IO_SET_STACK_SIZE: stack size set to     131072.
 Starting PEs :            6
 Starting Threads :            1
 For k_split (remapping)=           2
n_split is set to 01 for resolution-dt=0013x0013x6-  900.000
Using grid_type :    0
Using n_sponge :    9
Using non_ortho :       T
 Cubic: cubed-sphere domain decomposition
whalo =    3, ehalo =    3, shalo =    3, nhalo =    3
  X-AXIS =   12
  Y-AXIS =   12
 Cubic: cubed-sphere domain decomposition
whalo =    3, ehalo =    3, shalo =    3, nhalo =    3
  X-AXIS =   12
  Y-AXIS =   12
 Cubic: cubed-sphere domain decomposition
whalo =    3, ehalo =    3, shalo =    3, nhalo =    3
  X-AXIS =   12
  Y-AXIS =   12
 Cubic: cubed-sphere domain decomposition
whalo =    3, ehalo =    3, shalo =    3, nhalo =    3
  X-AXIS =   12
  Y-AXIS =   12
 Cubic: cubed-sphere domain decomposition
whalo =    3, ehalo =    3, shalo =    3, nhalo =    3
  X-AXIS =   12
  Y-AXIS =   12
 Cubic: cubed-sphere domain decomposition
whalo =    3, ehalo =    3, shalo =    3, nhalo =    3
  X-AXIS =   12
  Y-AXIS =   12
 create_grid: Looking for cubed-grid mosaic: Inline
 create_grid: Creating Global cubed-grid 
 
  Cubed-Sphere Grid Stats :           13 x          13 x           6
      Grid Length               : min: 653536.87 max: 921025.92 avg: 773905.63 min/max:      0.71
      Deviation from Orthogonal : min:      0.00 max:     26.14 avg:      8.16
      Aspect Ratio              : min:      1.00 max:      1.10 avg:      1.04
 
MAX    AREA (m*m): 0.84245616347594E+12          MIN AREA (m*m): 0.39888855833355E+12
GLOBAL AREA (m*m): 0.51006447190980E+15 IDEAL GLOBAL AREA (m*m): 0.51006447190979E+15
 Grid_init          72           1   100.000000000000     
 Hybrid Sigma-P: minimum allowable surface pressure (hpa)=
   7.94444444444451     
 da_max/da_min=   2.11200884526620     
 da_max_c/da_min_c=   2.19904588958997     
  
 Divergence damping Coefficients * 1.E6:
 For small dt=   450.000000000000     
 External mode del-2 (m**2/s)=   17.1166549180402     
 Internal mode del-2 SMAG dimensionless coeff=  0.200000000000000     
 Internal mode del-2 background diff=  7.500000000000000E-003
 Vorticity del-4 (m**4/s)=  0.000000000000000E+000
  
 Dynamics PE Layout 
NPES_X  :   1
NPES_Y  :   1
Resolution of dynamics restart     =   13   13   72
Number of true pressure levels =    1
   Integer*4 Resource Parameter LSM_CHOICE:           1
   Integer*4 Resource Parameter RUN_ROUTE:           0
 GOCART.data::SetServices: ACTIVE
  
  
 CHEMISTRY::SetServices: RATs Provider List
   OX: PCHEM
   O3: PCHEM
   O3PPMV: PCHEM
   CH4: PCHEM
   N2O: PCHEM
   CFC11: PCHEM
   CFC12: PCHEM
   HCFC22: PCHEM
  
 CHEMISTRY::SetServices:
  AERO Provider is GOCART.data
  
   Integer*4 Resource Parameter USE_SATSIM:           0
   Integer*4 Resource Parameter USE_SATSIM_ISCCP:           0
   Integer*4 Resource Parameter USE_SATSIM_MODIS:           0
   Integer*4 Resource Parameter USE_SATSIM_RADAR:           0
   Integer*4 Resource Parameter USE_SATSIM_LIDAR:           0
   Integer*4 Resource Parameter USE_SATSIM_MISR:           0
      Real*4 Resource Parameter SYNCTQ:    1.00000    
 ORBIT::SetServices: ACTIVE
   Integer*4 Resource Parameter USE_GUEST_OCEAN:           1
 MAPL: adding import TAUX
 MAPL: adding export TAUX
 MAPL: adding import TAUY
 MAPL: adding export TAUY
 MAPL: adding import PS
 MAPL: adding export PS
 MAPL: adding import SWHEAT
 MAPL: adding export SWHEAT
 MAPL: adding import QFLX
 MAPL: adding export QFLX
 MAPL: adding import HFLX
 MAPL: adding export HFLX
 MAPL: adding import SFLX
 MAPL: adding export SFLX
 MAPL: adding import PENUVR
 MAPL: adding export PENUVR
 MAPL: adding import PENPAR
 MAPL: adding export PENPAR
 MAPL: adding import PENUVF
 MAPL: adding export PENUVF
 MAPL: adding import PENPAF
 MAPL: adding export PENPAF
 MAPL: adding import DISCHARGE
 MAPL: adding export DISCHARGE
 MAPL: adding import PICE
 MAPL: adding export PICE
 MAPL: adding export US
 MAPL: adding export VS
 MAPL: adding export TS
 MAPL: adding export SS
 MAPL: adding export MIT_3D_MASK
 MAPL: adding export DH
 MAPL: adding export SLV
 MAPL: adding export USB
 MAPL: adding export VSB
 MAPL: adding export SSH
 MAPL: adding export T
 MAPL: adding export S
 MAPL: adding export DISCHARGEe
 MAPL: adding export PBO
      Real*4 Resource Parameter DT:    900.000    
   Integer*4 Resource Parameter REFERENCE_DATE:    20000414
   Integer*4 Resource Parameter REFERENCE_TIME:           0
   Character Resource Parameter AGCM_GRIDNAME: PE12x72-CF
   Integer*4 Resource Parameter OGCM_NX:           6
   Integer*4 Resource Parameter OGCM_NY:           1
   Character Resource Parameter OGCM_GRIDNAME: CM192x32-CM
   Integer*4 Resource Parameter OGCM_LM:          15
   Character Resource Parameter OGCM_GRIDSPEC: mit-cube_192x32.ascii
 NOT using buffer I/O for file: mit-cube_192x32.ascii
   Character Resource Parameter TILING_FILE: tile.bin
 NOT using buffer I/O for file: tile.bin
 NOT using buffer I/O for file: tile.bin
   Integer*4 Resource Parameter NUM_READERS:           1
   Integer*4 Resource Parameter NUM_WRITERS:           1
   Character Resource Parameter DYN_INTERNAL_RESTART_FILE: fvcore_internal_rst
   Character Resource Parameter DYN_INTERNAL_RESTART_TYPE: pnc4
   Integer*4 Resource Parameter DYN_INTERNAL_HEADER:           1
   Character Resource Parameter MAPL_ENABLE_BOOTSTRAP: YES
   Character Resource Parameter ROMIO_CB_READ: automatic
   Character Resource Parameter ROMIO_CB_WRITE: enable
   Character Resource Parameter CB_BUFFER_SIZE: 16777216
 Using parallel NetCDF for file: fvcore_internal_rst
   Integer*4 Resource Parameter COLDSTART:           0
  
Dynamics time step :   900.0000
  
  
INITIALIZED ALARM: DYN_TIME_TO_RUN EVERY     900.0 secs.
  
 FV3 being run Hydrostatic
  
 
  * denotes a layer within the "sponge-layer" of the dynamics
   k       A(k)       B(k)       Pref        DelP
 ----   ----------  --------  ----------  ---------
*    1    0.010000    0.0000      0.0100
*    2    0.020000    0.0000      0.0200     0.0100
*    3    0.032700    0.0000      0.0327     0.0127
*    4    0.047585    0.0000      0.0476     0.0149
*    5    0.066000    0.0000      0.0660     0.0184
*    6    0.089345    0.0000      0.0893     0.0233
*    7    0.119703    0.0000      0.1197     0.0304
*    8    0.159495    0.0000      0.1595     0.0398
*    9    0.211349    0.0000      0.2113     0.0519
*   10    0.278526    0.0000      0.2785     0.0672
    11    0.365041    0.0000      0.3650     0.0865
    12    0.475806    0.0000      0.4758     0.1108
    13    0.616779    0.0000      0.6168     0.1410
    14    0.795134    0.0000      0.7951     0.1784
    15    1.019440    0.0000      1.0194     0.2243
    16    1.300510    0.0000      1.3005     0.2811
    17    1.650790    0.0000      1.6508     0.3503
    18    2.084970    0.0000      2.0850     0.4342
    19    2.620211    0.0000      2.6202     0.5352
    20    3.276431    0.0000      3.2764     0.6562
    21    4.076571    0.0000      4.0766     0.8001
    22    5.046801    0.0000      5.0468     0.9702
    23    6.216801    0.0000      6.2168     1.1700
    24    7.619842    0.0000      7.6198     1.4030
    25    9.292942    0.0000      9.2929     1.6731
    26   11.276902    0.0000     11.2769     1.9840
    27   13.643402    0.0000     13.6434     2.3665
    28   16.457103    0.0000     16.4571     2.8137
    29   19.791604    0.0000     19.7916     3.3345
    30   23.730405    0.0000     23.7304     3.9388
    31   28.367805    0.0000     28.3678     4.6374
    32   33.810007    0.0000     33.8100     5.4422
    33   40.175409    0.0000     40.1754     6.3654
    34   47.643910    0.0000     47.6439     7.4685
    35   56.387909    0.0000     56.3879     8.7440
    36   66.603412    0.0000     66.6034    10.2155
    37   78.512313    0.0000     78.5123    11.9089
    38   92.365721    0.0000     92.3657    13.8534
    39  108.663015    0.0000    108.6630    16.2973
    40  127.837028    0.0000    127.8370    19.1740
    41  150.393024    0.0000    150.3930    22.5560
    42  176.930035    0.0000    176.9300    26.5370
    43  201.192007    0.0070    208.1520    31.2220
    44  216.865015    0.0280    244.8751    36.7230
    45  224.363003    0.0637    288.0831    43.2080
    46  223.898003    0.1136    337.5001    49.4170
    47  218.775972    0.1562    375.0001    37.5000
    48  212.149976    0.2004    412.5001    37.5000
    49  203.258980    0.2467    450.0001    37.5000
    50  193.096949    0.2944    487.5001    37.5000
    51  181.618961    0.3434    525.0001    37.5000
    52  169.608961    0.3929    562.5001    37.5000
    53  156.259957    0.4437    600.0001    37.5000
    54  142.909948    0.4946    637.5001    37.5000
    55  128.695935    0.5463    675.0001    37.5000
    56  118.958620    0.5810    700.0001    25.0000
    57  109.181707    0.6158    725.0001    25.0000
    58   99.365213    0.6506    750.0002    25.0000
    59   89.099920    0.6859    774.9998    24.9997
    60   78.834217    0.7212    800.0002    25.0003
    61   70.621981    0.7494    820.0002    20.0000
    62   64.362635    0.7706    835.0001    15.0000
    63   58.053212    0.7919    850.0002    15.0000
    64   51.696107    0.8133    865.0001    14.9999
    65   45.339008    0.8347    880.0000    14.9999
    66   38.982008    0.8560    895.0000    15.0001
    67   32.570807    0.8774    909.9998    14.9998
    68   26.092006    0.8989    925.0000    15.0002
    69   19.613105    0.9204    940.0001    15.0001
    70   13.134803    0.9419    954.9998    14.9997
    71    6.593752    0.9634    969.9998    14.9999
    72    0.048048    0.9850    985.0000    15.0002
    73    0.000000    1.0000   1000.0000    15.0000
 
   Character Resource Parameter MOIST_IMPORT_RESTART_FILE: moist_import_rst
   Character Resource Parameter MOIST_IMPORT_RESTART_TYPE: pnc4
 Bootstrapping moist_import_rst
   Character Resource Parameter MOIST_INTERNAL_RESTART_FILE: moist_internal_rst
   Character Resource Parameter MOIST_INTERNAL_RESTART_TYPE: pnc4
   Integer*4 Resource Parameter INTERNAL_HEADER:           0
 Using parallel NetCDF for file: moist_internal_rst
   Character Resource Parameter CLDMICRO: 1MOMENT
      Real*4 Resource Parameter CICE_DT:    0.00000    
      Real*4 Resource Parameter ALBICEV:   0.730000    
      Real*4 Resource Parameter ALBICEI:   0.330000    
      Real*4 Resource Parameter ALBSNOWV:   0.960000    
      Real*4 Resource Parameter ALBSNOWI:   0.680000    
   Character Resource Parameter CICE_CONDUCTIVITY: bubbly
   Character Resource Parameter CICE_SHORTWAVE: shortwave_ccsm
   Integer*4 Resource Parameter CICE_DO_POND:           0
      Real*4 Resource Parameter CICE_USTAR_MIN:   0.100000E-02
      Real*4 Resource Parameter CICE_AH_MAX:   0.300000    
   Integer*4 Resource Parameter PRESCRIBED_ICE:           1
 Model time step =   0.0000000E+00
 Sea ice albedo parameters:
 ALBICEV  =   0.7300000    
 ALBICEI  =   0.3300000    
 ALBSNOWV =   0.9600000    
 ALBSNOWI =   0.6800000    
 Sea ice conductivity parameterization:
 CONDTYPE = 
 bubbly                                                                         
                                                  
 DO NOT do any explicit melt ponding
 Sea ice shortwave parameterization:
 shortwave = 
 shortwave_ccsm                                                                 
                                                  
 ustar_min =   1.0000000E-03
 ahmax     =   0.3000000    
 Allocating column physics arrays from SALTWATERInitialize
  
 hin_max(n-1) < Cat n < hin_max(n)
  0.000000000000000E+000  < Cat            1  <   0.644507216819426     
  0.644507216819426       < Cat            2  <    1.39143349757630     
   1.39143349757630       < Cat            3  <    2.47017938195989     
   2.47017938195989       < Cat            4  <    4.56728791885049     
   4.56728791885049       < Cat            5  <    9.33384181586817     
  
   Character Resource Parameter SALTWATER_IMPORT_RESTART_FILE: saltwater_import_rst
   Character Resource Parameter SALTWATER_IMPORT_RESTART_TYPE: pnc4
 Bootstrapping saltwater_import_rst
   Character Resource Parameter SALTWATER_INTERNAL_RESTART_FILE: saltwater_internal_rst
   Character Resource Parameter SALTWATER_INTERNAL_RESTART_TYPE: pnc4
 Using parallel NetCDF for file: saltwater_internal_rst
   Character Resource Parameter LAKE_INTERNAL_RESTART_FILE: lake_internal_rst
   Character Resource Parameter LAKE_INTERNAL_RESTART_TYPE: pnc4
 Using parallel NetCDF for file: lake_internal_rst
   Character Resource Parameter LANDICE_INTERNAL_RESTART_FILE: landice_internal_rst
   Character Resource Parameter LANDICE_INTERNAL_RESTART_TYPE: pnc4
 Using parallel NetCDF for file: landice_internal_rst
   Character Resource Parameter VEGDYN_INTERNAL_RESTART_FILE: vegdyn.data
   Character Resource Parameter VEGDYN_INTERNAL_RESTART_TYPE: binary
 NOT using buffer I/O for file: vegdyn.data
   Character Resource Parameter CATCH_INTERNAL_RESTART_FILE: catch_internal_rst
   Character Resource Parameter CATCH_INTERNAL_RESTART_TYPE: pnc4
 Using parallel NetCDF for file: catch_internal_rst
   Character Resource Parameter SURFACE_IMPORT_RESTART_FILE: surf_import_rst
   Character Resource Parameter SURFACE_IMPORT_RESTART_TYPE: pnc4
 Bootstrapping surf_import_rst
   Character Resource Parameter ROUTING_FILE: 
   Character Resource Parameter TURBULENCE_IMPORT_RESTART_FILE: turb_import_rst
   Character Resource Parameter TURBULENCE_IMPORT_RESTART_TYPE: pnc4
 Bootstrapping turb_import_rst
   Character Resource Parameter TURBULENCE_INTERNAL_RESTART_FILE: turb_internal_rst
   Character Resource Parameter TURBULENCE_INTERNAL_RESTART_TYPE: pnc4
 Bootstrapping turb_internal_rst
   Character Resource Parameter PCHEM_INTERNAL_RESTART_FILE: pchem_internal_rst
   Character Resource Parameter PCHEM_INTERNAL_RESTART_TYPE: pnc4
 Using parallel NetCDF for file: pchem_internal_rst
   Character Resource Parameter RATS_PROVIDER: PCHEM
   Character Resource Parameter pchem_clim: species.data
   Integer*4 Resource Parameter pchem_clim_years:           2
 GOCART.data::Initialize_: Starting...
  
   Character Resource Parameter GOCART.data_INTERNAL_RESTART_FILE: gocartdata_internal_rst
   Character Resource Parameter GOCART.data_INTERNAL_RESTART_TYPE: pnc4
 Bootstrapping gocartdata_internal_rst
 GOCART.data::Initialize_: Diurnal Biomass Burning is ON
      Real*4 Resource Parameter SOLAR_DT:    3600.00    
   Character Resource Parameter SOLAR_INTERNAL_RESTART_FILE: solar_internal_rst
   Character Resource Parameter SOLAR_INTERNAL_RESTART_TYPE: pnc4
 Bootstrapping solar_internal_rst
      Real*4 Resource Parameter IRRAD_DT:    3600.00    
   Character Resource Parameter IRRAD_INTERNAL_RESTART_FILE: irrad_internal_rst
   Character Resource Parameter IRRAD_INTERNAL_RESTART_TYPE: pnc4
 Bootstrapping irrad_internal_rst
 NOT using buffer I/O for file: topo_dynave.data
 NOT using buffer I/O for file: topo_dynave.data
      Real*4 Resource Parameter GWDVAR_FACTOR:    1.00000    
 NOT using buffer I/O for file: topo_gwdvar.data
      Real*4 Resource Parameter TRBVAR_FACTOR:    1.00000    
 NOT using buffer I/O for file: topo_trbvar.data
      Real*4 Resource Parameter RUN_DT:    900.000    
      Real*4 Resource Parameter PREDICTOR_OFFSET:    21600.0    
   Character Resource Parameter FILTER_TYPE: NULL
   Character Resource Parameter ORAD_IMPORT_RESTART_FILE: orad_import_rst
   Character Resource Parameter ORAD_IMPORT_RESTART_TYPE: pnc4
 Bootstrapping orad_import_rst
      Real*4 Resource Parameter MIT_DT:    900.000    
   Character Resource Parameter OCEAN_DIR: mitocean_run
 Calling DRIVER_INIT
 Done DRIVER_INIT
 Calling DRIVER_Get_ExportState
 Done DRIVER_Get_ExportState
 Done MIT_PlugInit
 
 EXPSRC:Heracles-5_3
 EXPID: TEST
 Descr: TEST
 DisableSubVmChecks: F
 BlockSize:           10
 MarkDone:             0
 PrePost:              1
 
 Reading HISTORY RC Files:
 -------------------------
 NOT using buffer I/O for file: HISTORY.rc
 NOT using buffer I/O for file: geosgcm_prog.rcx
 NOT using buffer I/O for file: geosgcm_surf.rcx
 NOT using buffer I/O for file: mit_ocn.rcx
 
 NOT using buffer I/O for file: tile.bin
 NOT using buffer I/O for file: tile.bin
 
 Independent Output Export States:
 ---------------------------------
           1 AGCM
           2 DYN
           3 MOIST
           4 CHEMISTRY
           5 TURBULENCE
           6 SURFACE
           7 SOLAR
           8 RADIATION
           9 IRRAD
          10 MIT
 
 Initializing Output Stream: geosgcm_prog
 --------------------------- 
       Format: CFIO
         Mode: instantaneous
        Nbits:          100
       Slices:          483
      Deflate:            0
    Frequency:        60000
     Ref_Date:     20000414
     Ref_Time:            0
     Duration:        60000
  Output RSLV:           48          25
    XY-offset:            0   (DcPc: Dateline Center, Pole Center)
      Fields: PHIS SLP U V T PS H OMEGA QV QI QL RH O3 PLE 
    Vert Interp  Var: log(PLE)
    Vertical    Unit: hPa
    Vertical Scaling:    100.0000    
    Vertical  Levels:    1000.000       975.0000       950.0000    
   925.0000       900.0000       875.0000       850.0000       825.0000    
   800.0000       775.0000       750.0000       725.0000       700.0000    
   650.0000       600.0000       550.0000       500.0000       450.0000    
   400.0000       350.0000       300.0000       250.0000       200.0000    
   150.0000       100.0000       70.00000       50.00000       40.00000    
   30.00000       20.00000       10.00000       7.000000       5.000000    
   4.000000       3.000000       2.000000       1.000000      0.7000000    
  0.5000000      0.4000000      0.3000000      0.2000000      0.1000000    
  7.0000000E-02  5.0000001E-02  3.9999999E-02  2.9999999E-02  2.0000000E-02
 
 
 Initializing Output Stream: geosgcm_surf
 --------------------------- 
       Format: CFIO
         Mode: time-averaged
        Nbits:          100
       Slices:          147
      Deflate:            0
    Frequency:        30000
 Acc_Interval:        30000
     Ref_Date:     20000414
     Ref_Time:       210000
     Duration:        30000
  Output RSLV:           48          25
    XY-offset:            0   (DcPc: Dateline Center, Pole Center)
      Fields: PHIS SGH VARFLT TROPPV TROPPT TROPPB TROPT TROPQ QVFILL OXFILL TA QA US VS PS SPEED PBLH TS QS THAT QHAT RASTIME RASPBLQ CNPRCP LSPRCP ANPRCP SNO PLS PCU LWP CCWP TAUTT TAULO TAUMD TAUHI CLDTT CLDLO CLDMD CLDHI SPLAND SPWATR RUNOFF BASEFLOW EMIS CT CQ CN CM RISFC LAI GRN SNOMAS VEGTYPE WET1 WET2 WET3 TSOIL1 TSOIL2 FRLAND FRLANDICE FRLAKE FRSEAICE FROCEAN USTAR Z0 Z0H LHFX SHFX EVAP TAUX TAUY RHOS U2M V2M T2M Q2M U10N V10N U10M V10M T10M Q10M U50M V50M GUST VENT ASNOW RADSRF FLNS FLNSC FLNSCNA OLR OLRC OLRCNA LWS LWSC LWSCNA SFCEM SWCLDTMP SWCLDPRS OSR OSRCLR SWTNET SWTNETC SWTNETCNA SWTNETNA RADSWT SWGDWN SWGDWNC SWGNET SWGNETC SWGNETNA SWGNETCNA ALBEDO ALBVR ALBVF ALBNR ALBNF EVLAND LHLAND SHLAND SWLAND LWLAND GHLAND SMLAND TWLAND TELAND EVAPOUT COSZ DCOOL DWARM DELT_COOL BULK_SST TDEL BCOOL LCOOL TBAR USTARW SWCOOL QCOOL DELTS QWARM SWWARM LANGM PHIW TAUTW ZETA_W 
 
 
 Initializing Output Stream: mit_ocn
 --------------------------- 
       Format: CFIO
         Mode: instantaneous
        Nbits:          100
       Slices:           40
      Deflate:            0
    Frequency:        10000
     Ref_Date:     20000414
     Ref_Time:            0
     Duration:        10000
  Output RSLV:           48          25
    XY-offset:            0   (DcPc: Dateline Center, Pole Center)
      Fields: US VS TS SS MASK TAUX TAUY PS SWHEAT QFLX HFLX SFLX 
 
 
 EXTDATA::Initialize_: ACTIVE
 
 ************************************************
 ** Variables to be provided by the ExtData Component **
 ************************************************
 ----            1 : WSUB_NATURE
 ----            2 : climBCDP001
 ----            3 : climBCDP002
 ----            4 : climBCWT001
 ----            5 : climBCWT002
 ----            6 : climBCphilic
 ----            7 : climBCphobic
 ----            8 : climDMS
 ----            9 : climDUDP001
 ----           10 : climDUDP002
 ----           11 : climDUDP003
 ----           12 : climDUDP004
 ----           13 : climDUDP005
 ----           14 : climDUSD001
 ----           15 : climDUSD002
 ----           16 : climDUSD003
 ----           17 : climDUSD004
 ----           18 : climDUSD005
 ----           19 : climDUWT001
 ----           20 : climDUWT002
 ----           21 : climDUWT003
 ----           22 : climDUWT004
 ----           23 : climDUWT005
 ----           24 : climMSA
 ----           25 : climOCDP001
 ----           26 : climOCDP002
 ----           27 : climOCWT001
 ----           28 : climOCWT002
 ----           29 : climOCphilic
 ----           30 : climOCphobic
 ----           31 : climSO2
 ----           32 : climSO4
 ----           33 : climdu001
 ----           34 : climdu002
 ----           35 : climdu003
 ----           36 : climdu004
 ----           37 : climdu005
 ----           38 : climss001
 ----           39 : climss002
 ----           40 : climss003
 ----           41 : climss004
 ----           42 : climss005
 ************************************************
 
 CFIO: Reading 
 ExtData/PIESA/L72/aero_clm/dR_MERRA-AA-r2.aer_Nv.2003_2014.2008clm.nc4 at 
    20080316        120000
 CFIO: Reading 
 ExtData/PIESA/L72/aero_clm/dR_MERRA-AA-r2.aer_Nv.2003_2014.2008clm.nc4 at 
    20080416             0
 CFIO: Reading 
 ExtData/PIESA/L72/aero_clm/dR_MERRA-AA-r2.aer_Nv.2003_2014.2008clm.nc4 at 
    20080316        120000
 CFIO: Reading 
 ExtData/PIESA/L72/aero_clm/dR_MERRA-AA-r2.aer_Nv.2003_2014.2008clm.nc4 at 
    20080416             0
 CFIO: Reading 
 ExtData/PIESA/L72/aero_clm/dR_MERRA-AA-r2.aer_Nv.2003_2014.2008clm.nc4 at 
    20080316        120000
 CFIO: Reading 
 ExtData/PIESA/L72/aero_clm/dR_MERRA-AA-r2.aer_Nv.2003_2014.2008clm.nc4 at 
    20080416             0
 CFIO: Reading 
 ExtData/PIESA/L72/aero_clm/dR_MERRA-AA-r2.aer_Nv.2003_2014.2008clm.nc4 at 
    20080316        120000
 CFIO: Reading 
 ExtData/PIESA/L72/aero_clm/dR_MERRA-AA-r2.aer_Nv.2003_2014.2008clm.nc4 at 
    20080416             0
 CFIO: Reading 
 ExtData/PIESA/L72/aero_clm/dR_MERRA-AA-r2.aer_Nv.2003_2014.2008clm.nc4 at 
    20080316        120000
 CFIO: Reading 
 ExtData/PIESA/L72/aero_clm/dR_MERRA-AA-r2.aer_Nv.2003_2014.2008clm.nc4 at 
    20080416             0
 CFIO: Reading 
 ExtData/PIESA/L72/aero_clm/dR_MERRA-AA-r2.aer_Nv.2003_2014.2008clm.nc4 at 
    20080316        120000
 CFIO: Reading 
 ExtData/PIESA/L72/aero_clm/dR_MERRA-AA-r2.aer_Nv.2003_2014.2008clm.nc4 at 
    20080416             0
 CFIO: Reading 
 ExtData/PIESA/L72/aero_clm/dR_MERRA-AA-r2.aer_Nv.2003_2014.2008clm.nc4 at 
    20080316        120000
 CFIO: Reading 
 ExtData/PIESA/L72/aero_clm/dR_MERRA-AA-r2.aer_Nv.2003_2014.2008clm.nc4 at 
    20080416             0
 CFIO: Reading 
 ExtData/PIESA/L72/aero_clm/dR_MERRA-AA-r2.aer_Nv.2003_2014.2008clm.nc4 at 
    20080316        120000
 CFIO: Reading 
 ExtData/PIESA/L72/aero_clm/dR_MERRA-AA-r2.aer_Nv.2003_2014.2008clm.nc4 at 
    20080416             0
 CFIO: Reading 
 ExtData/PIESA/L72/aero_clm/dR_MERRA-AA-r2.aer_Nv.2003_2014.2008clm.nc4 at 
    20080316        120000
 CFIO: Reading 
 ExtData/PIESA/L72/aero_clm/dR_MERRA-AA-r2.aer_Nv.2003_2014.2008clm.nc4 at 
    20080416             0
 CFIO: Reading 
 ExtData/PIESA/L72/aero_clm/dR_MERRA-AA-r2.aer_Nv.2003_2014.2008clm.nc4 at 
    20080316        120000
 CFIO: Reading 
 ExtData/PIESA/L72/aero_clm/dR_MERRA-AA-r2.aer_Nv.2003_2014.2008clm.nc4 at 
    20080416             0
 CFIO: Reading 
 ExtData/PIESA/L72/aero_clm/dR_MERRA-AA-r2.aer_Nv.2003_2014.2008clm.nc4 at 
    20080316        120000
 CFIO: Reading 
 ExtData/PIESA/L72/aero_clm/dR_MERRA-AA-r2.aer_Nv.2003_2014.2008clm.nc4 at 
    20080416             0
 CFIO: Reading 
 ExtData/PIESA/L72/aero_clm/dR_MERRA-AA-r2.aer_Nv.2003_2014.2008clm.nc4 at 
    20080316        120000
 CFIO: Reading 
 ExtData/PIESA/L72/aero_clm/dR_MERRA-AA-r2.aer_Nv.2003_2014.2008clm.nc4 at 
    20080416             0
 CFIO: Reading 
 ExtData/PIESA/L72/aero_clm/dR_MERRA-AA-r2.aer_Nv.2003_2014.2008clm.nc4 at 
    20080316        120000
 CFIO: Reading 
 ExtData/PIESA/L72/aero_clm/dR_MERRA-AA-r2.aer_Nv.2003_2014.2008clm.nc4 at 
    20080416             0
 CFIO: Reading 
 ExtData/PIESA/L72/aero_clm/dR_MERRA-AA-r2.aer_Nv.2003_2014.2008clm.nc4 at 
    20080316        120000
 CFIO: Reading 
 ExtData/PIESA/L72/aero_clm/dR_MERRA-AA-r2.aer_Nv.2003_2014.2008clm.nc4 at 
    20080416             0
 CFIO: Reading 
 ExtData/PIESA/L72/aero_clm/dR_MERRA-AA-r2.aer_Nv.2003_2014.2008clm.nc4 at 
    20080316        120000
 CFIO: Reading 
 ExtData/PIESA/L72/aero_clm/dR_MERRA-AA-r2.aer_Nv.2003_2014.2008clm.nc4 at 
    20080416             0
 CFIO: Reading 
 ExtData/PIESA/sfc/aero_clm/dR_MERRA-AA-r2.aer_Nx.2003_2014.2008clm.nc4 at 
    20080316        120000
 CFIO: Reading 
 ExtData/PIESA/sfc/aero_clm/dR_MERRA-AA-r2.aer_Nx.2003_2014.2008clm.nc4 at 
    20080416             0
 CFIO: Reading 
 ExtData/PIESA/sfc/aero_clm/dR_MERRA-AA-r2.aer_Nx.2003_2014.2008clm.nc4 at 
    20080316        120000
 CFIO: Reading 
 ExtData/PIESA/sfc/aero_clm/dR_MERRA-AA-r2.aer_Nx.2003_2014.2008clm.nc4 at 
    20080416             0
 CFIO: Reading 
 ExtData/PIESA/sfc/aero_clm/dR_MERRA-AA-r2.aer_Nx.2003_2014.2008clm.nc4 at 
    20080316        120000
 CFIO: Reading 
 ExtData/PIESA/sfc/aero_clm/dR_MERRA-AA-r2.aer_Nx.2003_2014.2008clm.nc4 at 
    20080416             0
 CFIO: Reading 
 ExtData/PIESA/sfc/aero_clm/dR_MERRA-AA-r2.aer_Nx.2003_2014.2008clm.nc4 at 
    20080316        120000
 CFIO: Reading 
 ExtData/PIESA/sfc/aero_clm/dR_MERRA-AA-r2.aer_Nx.2003_2014.2008clm.nc4 at 
    20080416             0
 CFIO: Reading 
 ExtData/PIESA/sfc/aero_clm/dR_MERRA-AA-r2.aer_Nx.2003_2014.2008clm.nc4 at 
    20080316        120000
 CFIO: Reading 
 ExtData/PIESA/sfc/aero_clm/dR_MERRA-AA-r2.aer_Nx.2003_2014.2008clm.nc4 at 
    20080416             0
 CFIO: Reading 
 ExtData/PIESA/sfc/aero_clm/dR_MERRA-AA-r2.aer_Nx.2003_2014.2008clm.nc4 at 
    20080316        120000
 CFIO: Reading 
 ExtData/PIESA/sfc/aero_clm/dR_MERRA-AA-r2.aer_Nx.2003_2014.2008clm.nc4 at 
    20080416             0
 CFIO: Reading 
 ExtData/PIESA/sfc/aero_clm/dR_MERRA-AA-r2.aer_Nx.2003_2014.2008clm.nc4 at 
    20080316        120000
 CFIO: Reading 
 ExtData/PIESA/sfc/aero_clm/dR_MERRA-AA-r2.aer_Nx.2003_2014.2008clm.nc4 at 
    20080416             0
 CFIO: Reading 
 ExtData/PIESA/sfc/aero_clm/dR_MERRA-AA-r2.aer_Nx.2003_2014.2008clm.nc4 at 
    20080316        120000
 CFIO: Reading 
 ExtData/PIESA/sfc/aero_clm/dR_MERRA-AA-r2.aer_Nx.2003_2014.2008clm.nc4 at 
    20080416             0
 CFIO: Reading 
 ExtData/PIESA/sfc/aero_clm/dR_MERRA-AA-r2.aer_Nx.2003_2014.2008clm.nc4 at 
    20080316        120000
 CFIO: Reading 
 ExtData/PIESA/sfc/aero_clm/dR_MERRA-AA-r2.aer_Nx.2003_2014.2008clm.nc4 at 
    20080416             0
 CFIO: Reading 
 ExtData/PIESA/sfc/aero_clm/dR_MERRA-AA-r2.aer_Nx.2003_2014.2008clm.nc4 at 
    20080316        120000
 CFIO: Reading 
 ExtData/PIESA/sfc/aero_clm/dR_MERRA-AA-r2.aer_Nx.2003_2014.2008clm.nc4 at 
    20080416             0
 CFIO: Reading 
 ExtData/PIESA/sfc/aero_clm/dR_MERRA-AA-r2.aer_Nx.2003_2014.2008clm.nc4 at 
    20080316        120000
 CFIO: Reading 
 ExtData/PIESA/sfc/aero_clm/dR_MERRA-AA-r2.aer_Nx.2003_2014.2008clm.nc4 at 
    20080416             0
 CFIO: Reading 
 ExtData/PIESA/sfc/aero_clm/dR_MERRA-AA-r2.aer_Nx.2003_2014.2008clm.nc4 at 
    20080316        120000
 CFIO: Reading 
 ExtData/PIESA/sfc/aero_clm/dR_MERRA-AA-r2.aer_Nx.2003_2014.2008clm.nc4 at 
    20080416             0
 CFIO: Reading 
 ExtData/PIESA/sfc/aero_clm/dR_MERRA-AA-r2.aer_Nx.2003_2014.2008clm.nc4 at 
    20080316        120000
 CFIO: Reading 
 ExtData/PIESA/sfc/aero_clm/dR_MERRA-AA-r2.aer_Nx.2003_2014.2008clm.nc4 at 
    20080416             0
 CFIO: Reading 
 ExtData/PIESA/sfc/aero_clm/dR_MERRA-AA-r2.aer_Nx.2003_2014.2008clm.nc4 at 
    20080316        120000
 CFIO: Reading 
 ExtData/PIESA/sfc/aero_clm/dR_MERRA-AA-r2.aer_Nx.2003_2014.2008clm.nc4 at 
    20080416             0
 CFIO: Reading 
 ExtData/PIESA/sfc/aero_clm/dR_MERRA-AA-r2.aer_Nx.2003_2014.2008clm.nc4 at 
    20080316        120000
 CFIO: Reading 
 ExtData/PIESA/sfc/aero_clm/dR_MERRA-AA-r2.aer_Nx.2003_2014.2008clm.nc4 at 
    20080416             0
 CFIO: Reading 
 ExtData/PIESA/sfc/aero_clm/dR_MERRA-AA-r2.aer_Nx.2003_2014.2008clm.nc4 at 
    20080316        120000
 CFIO: Reading 
 ExtData/PIESA/sfc/aero_clm/dR_MERRA-AA-r2.aer_Nx.2003_2014.2008clm.nc4 at 
    20080416             0
 CFIO: Reading 
 ExtData/PIESA/sfc/aero_clm/dR_MERRA-AA-r2.aer_Nx.2003_2014.2008clm.nc4 at 
    20080316        120000
 CFIO: Reading 
 ExtData/PIESA/sfc/aero_clm/dR_MERRA-AA-r2.aer_Nx.2003_2014.2008clm.nc4 at 
    20080416             0
 CFIO: Reading 
 ExtData/PIESA/sfc/aero_clm/dR_MERRA-AA-r2.aer_Nx.2003_2014.2008clm.nc4 at 
    20080316        120000
 CFIO: Reading 
 ExtData/PIESA/sfc/aero_clm/dR_MERRA-AA-r2.aer_Nx.2003_2014.2008clm.nc4 at 
    20080416             0
 CFIO: Reading 
 ExtData/PIESA/sfc/aero_clm/dR_MERRA-AA-r2.aer_Nx.2003_2014.2008clm.nc4 at 
    20080316        120000
 CFIO: Reading 
 ExtData/PIESA/sfc/aero_clm/dR_MERRA-AA-r2.aer_Nx.2003_2014.2008clm.nc4 at 
    20080416             0
 CFIO: Reading 
 ExtData/PIESA/sfc/aero_clm/dR_MERRA-AA-r2.aer_Nx.2003_2014.2008clm.nc4 at 
    20080316        120000
 CFIO: Reading 
 ExtData/PIESA/sfc/aero_clm/dR_MERRA-AA-r2.aer_Nx.2003_2014.2008clm.nc4 at 
    20080416             0
 CFIO: Reading 
 ExtData/PIESA/sfc/aero_clm/dR_MERRA-AA-r2.aer_Nx.2003_2014.2008clm.nc4 at 
    20080316        120000
 CFIO: Reading 
 ExtData/PIESA/sfc/aero_clm/dR_MERRA-AA-r2.aer_Nx.2003_2014.2008clm.nc4 at 
    20080416             0
 CFIO: Reading 
 ExtData/PIESA/sfc/aero_clm/dR_MERRA-AA-r2.aer_Nx.2003_2014.2008clm.nc4 at 
    20080316        120000
 CFIO: Reading 
 ExtData/PIESA/sfc/aero_clm/dR_MERRA-AA-r2.aer_Nx.2003_2014.2008clm.nc4 at 
    20080416             0
 CFIO: Reading 
 ExtData/PIESA/sfc/aero_clm/dR_MERRA-AA-r2.aer_Nx.2003_2014.2008clm.nc4 at 
    20080316        120000
 CFIO: Reading 
 ExtData/PIESA/sfc/aero_clm/dR_MERRA-AA-r2.aer_Nx.2003_2014.2008clm.nc4 at 
    20080416             0
 CFIO: Reading ExtData/g5gcm/moist/L72/Wvar_positive_05hrdeg_200604.nc4 at 
    20060401             0
 CFIO: Reading ExtData/g5gcm/moist/L72/Wvar_positive_05hrdeg_200605.nc4 at 
    20060501             0
 Advecting the following    16 tracers in FV:
 CFC11
 CFC12
 CH4
 CLCN
 CLLS
 HCFC22
 N2O
 NCPI
 NCPL
 OX
 Q
 QICN
 QILS
 QLCN
 QLLS
 QW
 Global Area=   510064471909797.     
 NOT using buffer I/O for file: lai.data
 Using parallel IO for file: lai.data
 Using parallel IO for file: lai.data
 NOT using buffer I/O for file: green.data
 Using parallel IO for file: green.data
 Using parallel IO for file: green.data
 NOT using buffer I/O for file: visdf.dat
 Previous time forVISDFs is:
           1           4           7           0           0           0
           1           4          15           0           0           0
 Using parallel IO for file: visdf.dat
 Using parallel IO for file: visdf.dat
 NOT using buffer I/O for file: nirdf.dat
 Previous time forNIRDFs is:
           1           4           7           0           0           0
           1           4          15           0           0           0
 Using parallel IO for file: nirdf.dat
 Using parallel IO for file: nirdf.dat
  
 PCHEM::Run: Indices selected from climatology are           15          16
  
 
 Updated CO2 in solar for year/day 2000/105 is  0.36854E-03
 
 
 Updated Solar Constant for year/day 2000/105 is  0.13618E+04
 
 NOT using buffer I/O for file: SEAWIFS_KPAR_mon_clim.data
 Using parallel IO for file: SEAWIFS_KPAR_mon_clim.data
 Using parallel IO for file: SEAWIFS_KPAR_mon_clim.data
  Starting plug run method 
  Finished plug run method 
  Starting plug run method 
  Finished plug run method 
  Starting plug run method 
  Finished plug run method 
  Starting plug run method 
  Finished plug run method 
 
 
  Starting plug run method 
  Finished plug run method 
  Starting plug run method 
  Finished plug run method 
  Starting plug run method 
  Finished plug run method 
  Starting plug run method 
  Finished plug run method 
 
 
  Starting plug run method 
  Finished plug run method 
  Starting plug run method 
  Finished plug run method 
  Starting plug run method 
  Finished plug run method 
  Starting plug run method 
  Finished plug run method 
 
 
  
 PCHEM::Run: Indices selected from climatology are           15          16
  
 
 Updated CO2 in solar for year/day 2000/106 is  0.36855E-03
 
 
 Updated Solar Constant for year/day 2000/106 is  0.13618E+04
 
  Starting plug run method 
  Finished plug run method 
  Starting plug run method 
  Finished plug run method 
  Starting plug run method 
  Finished plug run method 
  Starting plug run method 
  Finished plug run method 
 
 
  Starting plug run method 
  Finished plug run method 
  Starting plug run method 
  Finished plug run method 
  Starting plug run method 
  Finished plug run method 
  Starting plug run method 
  Finished plug run method 
 
 
  Starting plug run method 
  Finished plug run method 
  Starting plug run method 
  Finished plug run method 
  Starting plug run method 
  Finished plug run method 
  Starting plug run method 
  Finished plug run method 
 
 
  Starting plug run method 
  Finished plug run method 
  Starting plug run method 
  Finished plug run method 
  Starting plug run method 
  Finished plug run method 
  Starting plug run method 
  Finished plug run method 
 
 
  Starting plug run method 
  Finished plug run method 
  Starting plug run method 
  Finished plug run method 
  Starting plug run method 
  Finished plug run method 
  Starting plug run method 
  Finished plug run method 
 
 
  Starting plug run method 
  Finished plug run method 
  Starting plug run method 
  Finished plug run method 
  Starting plug run method 
  Finished plug run method 
  Starting plug run method 
  Finished plug run method 
 
 
  Starting plug run method 
  Finished plug run method 
  Starting plug run method 
  Finished plug run method 
  Starting plug run method 
  Finished plug run method 
  Starting plug run method 
  Finished plug run method 
 
 
  Starting plug run method 
  Finished plug run method 
  Starting plug run method 
  Finished plug run method 
  Starting plug run method 
  Finished plug run method 
  Starting plug run method 
  Finished plug run method 
 
 
  Starting plug run method 
  Finished plug run method 
  Starting plug run method 
  Finished plug run method 
  Starting plug run method 
  Finished plug run method 
  Starting plug run method 
  Finished plug run method 
 
 
  Starting plug run method 
  Finished plug run method 
  Starting plug run method 
  Finished plug run method 
  Starting plug run method 
  Finished plug run method 
  Starting plug run method 
  Finished plug run method 
 
 
  Starting plug run method 
  Finished plug run method 
  Starting plug run method 
  Finished plug run method 
  Starting plug run method 
  Finished plug run method 
  Starting plug run method 
  Finished plug run method 
 
 
  Starting plug run method 
  Finished plug run method 
  Starting plug run method 
  Finished plug run method 
  Starting plug run method 
  Finished plug run method 
  Starting plug run method 
  Finished plug run method 
 
 
  Starting plug run method 
  Finished plug run method 
  Starting plug run method 
  Finished plug run method 
  Starting plug run method 
  Finished plug run method 
  Starting plug run method 
  Finished plug run method 
 
 
  Starting plug run method 
  Finished plug run method 
  Starting plug run method 
  Finished plug run method 
  Starting plug run method 
  Finished plug run method 
  Starting plug run method 
  Finished plug run method 
 
 
  Starting plug run method 
  Finished plug run method 
  Starting plug run method 
  Finished plug run method 
  Starting plug run method 
  Finished plug run method 
  Starting plug run method 
  Finished plug run method 
 
 
  Starting plug run method 
  Finished plug run method 
  Starting plug run method 
  Finished plug run method 
  Starting plug run method 
  Finished plug run method 
  Starting plug run method 
  Finished plug run method 
 
 
  Starting plug run method 
  Finished plug run method 
  Starting plug run method 
  Finished plug run method 
  Starting plug run method 
  Finished plug run method 
  Starting plug run method 
  Finished plug run method 
 
 
  Starting plug run method 
  Finished plug run method 
  Starting plug run method 
  Finished plug run method 
  Starting plug run method 
  Finished plug run method 
  Starting plug run method 
  Finished plug run method 
 
 
  Starting plug run method 
  Finished plug run method 
  Starting plug run method 
  Finished plug run method 
  Starting plug run method 
  Finished plug run method 
  Starting plug run method 
  Finished plug run method 
 
 
  Starting plug run method 
  Finished plug run method 
  Starting plug run method 
  Finished plug run method 
  Starting plug run method 
  Finished plug run method 
  Starting plug run method 
  Finished plug run method 
 
 
  Starting plug run method 
  Finished plug run method 
  Starting plug run method 
  Finished plug run method 
  Starting plug run method 
  Finished plug run method 
  Starting plug run method 
  Finished plug run method 
 
 
 
   -----------------------------------------------------
      Block          User time  System Time   Total Time
   -----------------------------------------------------
   TOTAL                      100.6202       0.0000     100.6202
   COMM_TOTAL                   0.6808       0.0000       0.6808
   C_SW                         0.2256       0.0000       0.2256
   D_SW                         0.8002       0.0000       0.8002
   FV_TP_2D                     4.6054       0.0000       4.6054
   TRACER_2D                    4.8744       0.0000       4.8744
   COMM_TRAC                    0.3694       0.0000       0.3694
   REMAPPING                    1.6657       0.0000       1.6657
 
 Using parallel NetCDF for file: fvcore_internal_checkpoint
  
  Times for DYN
TOTAL                   :      12.431
INITIALIZE              :       0.009
RUN                     :      11.362
RUN2                    :       1.037
-DYN_INIT               :       0.002
--FMS_INIT              :       0.052
--FV_INIT               :       0.040
-DYN_CORE               :       9.112
FINALIZE                :       0.005
GenInitTot              :       0.049
--GenInitMine           :       0.049
GenRunTot               :       0.000
--GenRunMine            :       0.000
GenFinalTot             :       0.013
--GenFinalMine          :       0.013
GenRecordTot            :       0.000
--GenRecordMine         :       0.000
GenRefreshTot           :       0.000
--GenRefreshMine        :       0.000
  
  
  Times for SUPERDYNAMICS
TOTAL                   :      12.471
DYN                     :       0.074
GenInitTot              :       0.065
--GenInitMine           :       0.010
GenRunTot               :       0.000
--GenRunMine            :       0.000
GenFinalTot             :       0.018
--GenFinalMine          :       0.000
GenRecordTot            :       0.001
--GenRecordMine         :       0.000
GenRefreshTot           :       0.000
--GenRefreshMine        :       0.000
  
  
  Times for GWD
TOTAL                   :       0.702
DRIVER                  :       0.668
-DRIVER_RUN             :       0.000
-INTR                   :       0.521
-DRIVER_DATA            :       0.000
--DRIVER_DATA_DEVICE    :       0.000
--DRIVER_DATA_CONST     :       0.000
-DRIVER_ALLOC           :       0.000
-DRIVER_DEALLOC         :       0.000
GenInitTot              :       0.004
--GenInitMine           :       0.004
GenRunTot               :       0.000
--GenRunMine            :       0.000
GenFinalTot             :       0.000
--GenFinalMine          :       0.000
GenRecordTot            :       0.000
--GenRecordMine         :       0.000
GenRefreshTot           :       0.000
--GenRefreshMine        :       0.000
  
 Using parallel NetCDF for file: moist_internal_checkpoint
 Using parallel NetCDF for file: moist_import_checkpoint
  
  Times for MOIST
TOTAL                   :       4.050
DRIVER                  :       3.985
-PRE_RAS                :       0.092
-RAS                    :       0.468
--RAS_RUN               :       0.462
-POST_RAS               :       0.073
-CLOUD                  :       1.926
--CLOUD_RUN             :       1.685
---ACTIV                :       0.000
---CLDMACRO             :       0.000
---MGMICRO              :       0.000
--CLOUD_DATA            :       0.000
---CLOUD_DATA_DEVICE    :       0.000
---CLOUD_DATA_CONST     :       0.000
--CLOUD_ALLOC           :       0.000
--CLOUD_DEALLOC         :       0.000
-MISC                   :       1.421
--FLASH                 :       0.152
GenInitTot              :       0.062
--GenInitMine           :       0.062
GenRunTot               :       0.000
--GenRunMine            :       0.000
GenFinalTot             :       0.027
--GenFinalMine          :       0.027
GenRecordTot            :       0.000
--GenRecordMine         :       0.000
GenRefreshTot           :       0.000
--GenRefreshMine        :       0.000
  
 Deallocating column physics arrays from SALTWATERFinalize
 Using parallel NetCDF for file: saltwater_internal_checkpoint
 Using parallel NetCDF for file: saltwater_import_checkpoint
  
  Times for SALTWATER
TOTAL                   :       5.381
INITIALIZE              :       0.141
RUN1                    :       1.440
RUN2                    :       3.622
-BeforeSaltWaterCore    :       1.105
-OpenWater              :       0.031
-Thermo1                :       1.750
-Thermo2                :       0.797
-Albedo                 :       0.104
FINALIZE                :       0.000
GenInitTot              :       0.140
--GenInitMine           :       0.140
GenRunTot               :       0.000
--GenRunMine            :       0.000
GenFinalTot             :       0.067
--GenFinalMine          :       0.067
GenRecordTot            :       0.000
--GenRecordMine         :       0.000
GenRefreshTot           :       0.000
--GenRefreshMine        :       0.000
  
 Using parallel NetCDF for file: lake_internal_checkpoint
  
  Times for LAKE
TOTAL                   :       0.227
RUN1                    :       0.114
RUN2                    :       0.092
GenInitTot              :       0.011
--GenInitMine           :       0.011
GenRunTot               :       0.000
--GenRunMine            :       0.000
GenFinalTot             :       0.012
--GenFinalMine          :       0.012
GenRecordTot            :       0.000
--GenRecordMine         :       0.000
GenRefreshTot           :       0.000
--GenRefreshMine        :       0.000
  
 Using parallel NetCDF for file: landice_internal_checkpoint
  
  Times for LANDICE
TOTAL                   :       0.287
RUN1                    :       0.098
RUN2                    :       0.166
GenInitTot              :       0.015
--GenInitMine           :       0.015
GenRunTot               :       0.000
--GenRunMine            :       0.000
GenFinalTot             :       0.009
--GenFinalMine          :       0.009
GenRecordTot            :       0.000
--GenRecordMine         :       0.000
GenRefreshTot           :       0.000
--GenRefreshMine        :       0.000
  
  
  Times for VEGDYN
TOTAL                   :       0.221
GenInitTot              :       0.038
--GenInitMine           :       0.038
GenRunTot               :       0.000
--GenRunMine            :       0.000
GenFinalTot             :       0.000
--GenFinalMine          :       0.000
GenRecordTot            :       0.000
--GenRecordMine         :       0.000
GenRefreshTot           :       0.000
--GenRefreshMine        :       0.000
  
 Using parallel NetCDF for file: catch_internal_checkpoint
  
  Times for CATCH
TOTAL                   :      13.831
RUN1                    :       6.096
-SURF                   :       5.794
RUN2                    :       7.315
-CATCH                  :       4.300
-ALBEDO                 :       0.114
GenInitTot              :       0.362
--GenInitMine           :       0.362
GenRunTot               :       0.000
--GenRunMine            :       0.000
GenFinalTot             :       0.060
--GenFinalMine          :       0.060
GenRecordTot            :       0.000
--GenRecordMine         :       0.000
GenRefreshTot           :       0.000
--GenRefreshMine        :       0.000
  
  
  Times for LAND
TOTAL                   :      14.102
INITIALIZE              :       0.433
RUN1                    :       6.280
RUN2                    :       7.327
VEGDYN                  :       0.222
CATCH                   :      13.845
GenInitTot              :       0.433
--GenInitMine           :       0.034
GenRunTot               :       0.000
--GenRunMine            :       0.000
GenFinalTot             :       0.061
--GenFinalMine          :       0.000
GenRecordTot            :       0.001
--GenRecordMine         :       0.000
GenRefreshTot           :       0.000
--GenRefreshMine        :       0.000
  
 Using parallel NetCDF for file: surf_import_checkpoint
  
  Times for SURFACE
TOTAL                   :      22.236
INITIALIZE              :       0.711
InitChild               :       0.629
LocStreamCreate         :       0.007
LocStreamXForm          :       0.077
-RUN1                   :       8.412
--RUN1_SALTWATER        :       1.562
--RUN1_LAKE             :       0.227
--RUN1_LANDICE          :       0.207
--RUN1_LAND             :       6.457
-RUN2                   :      13.044
--RUN2_SALTWATER        :       3.829
--RUN2_LAKE             :       0.201
--RUN2_LANDICE          :       0.276
--RUN2_LAND             :       7.689
SALTWATER               :       5.573
LAKE                    :       0.448
LANDICE                 :       0.508
LAND                    :      14.640
GenInitTot              :       0.629
--GenInitMine           :       0.035
GenRunTot               :       0.000
--GenRunMine            :       0.000
GenFinalTot             :       0.149
--GenFinalMine          :       0.008
GenRecordTot            :       0.004
--GenRecordMine         :       0.000
GenRefreshTot           :       0.000
--GenRefreshMine        :       0.000
  
 Using parallel NetCDF for file: turb_internal_checkpoint
 Using parallel NetCDF for file: turb_import_checkpoint
  
  Times for TURBULENCE
TOTAL                   :       1.328
-RUN1                   :       1.015
--DIFFUSE               :       0.182
--REFRESHKS             :       0.662
---REFRESHKS_RUN        :       0.000
---REFRESHKS_DATA       :       0.000
----REFRESHKS_DATA_DEVIC:       0.000
----REFRESHKS_DATA_CONST:       0.000
---REFRESHKS_ALLOC      :       0.000
---REFRESHKS_DEALLOC    :       0.000
---PRELIMS              :       0.274
---LOUIS                :       0.056
---LOCK                 :       0.049
---POSTLOCK             :       0.263
---BELJAARS             :       0.012
---DECOMP               :       0.012
-RUN2                   :       0.300
--UPDATE                :       0.164
GenInitTot              :       0.010
--GenInitMine           :       0.010
GenRunTot               :       0.000
--GenRunMine            :       0.000
GenFinalTot             :       0.005
--GenFinalMine          :       0.005
GenRecordTot            :       0.000
--GenRecordMine         :       0.000
GenRefreshTot           :       0.000
--GenRefreshMine        :       0.000
  
  
  Times for CHEMENV
TOTAL                   :       0.004
GenInitTot              :       0.004
--GenInitMine           :       0.004
GenRunTot               :       0.000
--GenRunMine            :       0.000
GenFinalTot             :       0.000
--GenFinalMine          :       0.000
GenRecordTot            :       0.000
--GenRecordMine         :       0.000
GenRefreshTot           :       0.000
--GenRefreshMine        :       0.000
  
 Using parallel NetCDF for file: pchem_internal_checkpoint
  
  Times for PCHEM
TOTAL                   :       0.986
RUN                     :       0.836
-Read Species           :       0.010
INITIALIZE              :       0.138
-Read Header            :       0.127
GenInitTot              :       0.011
--GenInitMine           :       0.011
GenRunTot               :       0.000
--GenRunMine            :       0.000
GenFinalTot             :       0.010
--GenFinalMine          :       0.010
GenRecordTot            :       0.000
--GenRecordMine         :       0.000
GenRefreshTot           :       0.000
--GenRefreshMine        :       0.000
  
 Using parallel NetCDF for file: gocartdata_internal_checkpoint
  
  Times for GOCART.data
TOTAL                   :       0.641
RUN                     :       0.149
INITIALIZE              :       0.491
FINALIZE                :       0.000
GenInitTot              :       0.026
--GenInitMine           :       0.026
GenRunTot               :       0.000
--GenRunMine            :       0.000
GenFinalTot             :       0.015
--GenFinalMine          :       0.015
GenRecordTot            :       0.000
--GenRecordMine         :       0.000
GenRefreshTot           :       0.000
--GenRefreshMine        :       0.000
  
  
  Times for CHEMISTRY
TOTAL                   :       1.715
CHEMENV                 :       0.078
PCHEM                   :       0.987
GOCART.data             :       0.643
GenInitTot              :       0.646
--GenInitMine           :       0.020
GenRunTot               :       0.000
--GenRunMine            :       0.000
GenFinalTot             :       0.025
--GenFinalMine          :       0.000
GenRecordTot            :       0.002
--GenRecordMine         :       0.000
GenRefreshTot           :       0.000
--GenRefreshMine        :       0.000
  
 Using parallel NetCDF for file: solar_internal_checkpoint
  
  Times for SOLAR
TOTAL                   :       4.268
PRELIMS                 :       0.052
REFRESH                 :       3.893
-SORAD                  :       3.119
--SORAD_RUN             :       3.119
--SORAD_DATA            :       0.000
---SORAD_DATA_DEVICE    :       0.000
---SORAD_DATA_CONST     :       0.000
--SORAD_ALLOC           :       0.000
--SORAD_DEALLOC         :       0.000
-RRTMG                  :       0.000
--RRTMG_RUN             :       0.000
--RRTMG_INIT            :       0.000
--RRTMG_FLIP            :       0.000
-BALANCE                :       0.171
--CREATE                :       0.068
--DISTRIBUTE            :       0.014
--RETRIEVE              :       0.034
--DESTROY               :       0.000
-MISC                   :       0.039
UPDATE                  :       0.312
-AEROSOLS               :       0.584
GenInitTot              :       0.013
--GenInitMine           :       0.013
GenRunTot               :       0.000
--GenRunMine            :       0.000
GenFinalTot             :       0.013
--GenFinalMine          :       0.013
GenRecordTot            :       0.000
--GenRecordMine         :       0.000
GenRefreshTot           :       0.000
--GenRefreshMine        :       0.000
  
 Using parallel NetCDF for file: irrad_internal_checkpoint
  
  Times for IRRAD
TOTAL                   :       8.892
-LW_DRIVER              :       8.809
--IRRAD                 :       8.047
---IRRAD_RUN            :       8.047
---IRRAD_DATA           :       0.000
----IRRAD_DATA_DEVICE   :       0.000
----IRRAD_DATA_CONST    :       0.000
---IRRAD_ALLOC          :       0.000
---IRRAD_DEALLOC        :       0.000
--RRTMG                 :       0.000
---RRTMG_RUN            :       0.000
---RRTMG_INIT           :       0.000
---RRTMG_FLIP           :       0.000
--MISC                  :       0.759
---AEROSOLS             :       0.726
-UPDATE_FLX             :       0.038
GenInitTot              :       0.010
--GenInitMine           :       0.010
GenRunTot               :       0.000
--GenRunMine            :       0.000
GenFinalTot             :       0.014
--GenFinalMine          :       0.014
GenRecordTot            :       0.000
--GenRecordMine         :       0.000
GenRefreshTot           :       0.000
--GenRefreshMine        :       0.000
  
  
  Times for RADIATION
TOTAL                   :      13.195
SOLAR                   :       4.269
IRRAD                   :       8.893
GenInitTot              :       0.036
--GenInitMine           :       0.014
GenRunTot               :      13.118
--GenRunMine            :       0.000
GenFinalTot             :       0.027
--GenFinalMine          :       0.000
GenRecordTot            :       0.002
--GenRecordMine         :       0.000
GenRefreshTot           :       0.000
--GenRefreshMine        :       0.000
  
  
  Times for PHYSICS
TOTAL                   :      45.577
INITIALIZE              :       0.005
RUN                     :      43.920
GWD                     :       0.703
MOIST                   :       4.052
SURFACE                 :      22.321
TURBULENCE              :       1.331
CHEMISTRY               :       1.717
RADIATION               :      13.197
GenInitTot              :       1.485
--GenInitMine           :       0.021
GenRunTot               :       0.000
--GenRunMine            :       0.000
GenFinalTot             :       0.215
--GenFinalMine          :       0.000
GenRecordTot            :       0.012
--GenRecordMine         :       0.000
GenRefreshTot           :       0.000
--GenRefreshMine        :       0.000
  
  
  Times for ORBIT
TOTAL                   :       0.005
Run                     :       0.000
GenInitTot              :       0.005
--GenInitMine           :       0.005
GenRunTot               :       0.000
--GenRunMine            :       0.000
GenFinalTot             :       0.000
--GenFinalMine          :       0.000
GenRecordTot            :       0.000
--GenRecordMine         :       0.000
GenRefreshTot           :       0.000
--GenRefreshMine        :       0.000
  
  
  Times for AGCM
TOTAL                   :      58.330
SUPERDYNAMICS           :      12.473
PHYSICS                 :      45.578
ORBIT                   :       0.007
GenInitTot              :       1.577
--GenInitMine           :       0.021
GenRunTot               :       0.000
--GenRunMine            :       0.000
GenFinalTot             :       0.231
--GenFinalMine          :       0.000
GenRecordTot            :       0.015
--GenRecordMine         :       0.000
GenRefreshTot           :       0.000
--GenRefreshMine        :       0.000
INITIALIZE              :       1.628
RUN                     :      56.517
  
  
  Times for AIAU
TOTAL                   :       0.008
INITIALIZE              :       0.000
DRIVER                  :       0.000
-INTR                   :       0.000
-RUN                    :       0.000
-REGRIDSPC              :       0.000
GenInitTot              :       0.008
--GenInitMine           :       0.008
GenRunTot               :       0.000
--GenRunMine            :       0.000
GenFinalTot             :       0.000
--GenFinalMine          :       0.000
GenRecordTot            :       0.000
--GenRecordMine         :       0.000
GenRefreshTot           :       0.000
--GenRefreshMine        :       0.000
  
  
  Times for ADFI
TOTAL                   :       0.007
INITIALIZE              :       0.000
GenInitTot              :       0.007
--GenInitMine           :       0.007
GenRunTot               :       0.000
--GenRunMine            :       0.000
GenFinalTot             :       0.000
--GenFinalMine          :       0.000
GenRecordTot            :       0.000
--GenRecordMine         :       0.000
GenRefreshTot           :       0.000
--GenRefreshMine        :       0.000
  
  
  Times for OBIO
TOTAL                   :       0.002
GenInitTot              :       0.002
--GenInitMine           :       0.002
GenRunTot               :       0.000
--GenRunMine            :       0.000
GenFinalTot             :       0.000
--GenFinalMine          :       0.000
GenRecordTot            :       0.000
--GenRecordMine         :       0.000
GenRefreshTot           :       0.000
--GenRefreshMine        :       0.000
  
 Using parallel NetCDF for file: orad_import_checkpoint
  
  Times for ORAD
TOTAL                   :       0.102
RUN                     :       0.097
GenInitTot              :       0.003
--GenInitMine           :       0.003
GenRunTot               :       0.000
--GenRunMine            :       0.000
GenFinalTot             :       0.004
--GenFinalMine          :       0.004
GenRecordTot            :       0.000
--GenRecordMine         :       0.000
GenRefreshTot           :       0.000
--GenRefreshMine        :       0.000
  
  
  Times for MIT
TOTAL                   :       7.086
INITIALIZE              :       0.000
RUN                     :       7.081
FINALIZE                :       0.000
GenInitTot              :       0.005
--GenInitMine           :       0.005
GenRunTot               :       0.000
--GenRunMine            :       0.000
GenFinalTot             :       0.000
--GenFinalMine          :       0.000
GenRecordTot            :       0.000
--GenRecordMine         :       0.000
GenRefreshTot           :       0.000
--GenRefreshMine        :       0.000
  
  
  Times for OCEAN
TOTAL                   :       7.749
MIT                     :       7.562
GenInitTot              :       0.486
--GenInitMine           :       0.010
GenRunTot               :       7.085
--GenRunMine            :       0.000
GenFinalTot             :       0.000
--GenFinalMine          :       0.000
GenRecordTot            :       0.001
--GenRecordMine         :       0.000
GenRefreshTot           :       0.000
--GenRefreshMine        :       0.000
INITIALIZE              :       0.487
RUN                     :       7.262
--ModRun                :       7.086
  
  
  Times for OGCM
TOTAL                   :       8.184
INITIALIZE              :       0.497
RUN                     :       7.680
InitChild               :       0.496
OBIO                    :       0.003
ORAD                    :       0.102
OCEAN                   :       7.751
GenInitTot              :       0.496
--GenInitMine           :       0.005
GenRunTot               :       7.360
--GenRunMine            :       0.000
GenFinalTot             :       0.004
--GenFinalMine          :       0.000
GenRecordTot            :       0.002
--GenRecordMine         :       0.000
GenRefreshTot           :       0.000
--GenRefreshMine        :       0.000
  
  
  Times for GCM
TOTAL                   :      67.254
AGCM                    :      58.331
AIAU                    :       0.009
ADFI                    :       0.007
OGCM                    :       8.185
GenInitTot              :       2.149
--GenInitMine           :       0.014
GenRunTot               :       0.000
--GenRunMine            :       0.000
GenFinalTot             :       0.236
--GenFinalMine          :       0.000
GenRecordTot            :       0.020
--GenRecordMine         :       0.000
GenRefreshTot           :       0.000
--GenRefreshMine        :       0.000
INITIALIZE              :       2.441
RUN                     :      64.622
--OCEAN                 :       7.682
--ATMOSPHERE            :      56.518
--REPLAY                :       0.000
--A2O                   :       0.213
--O2A                   :       0.237
  
  
  Times for ANA
TOTAL                   :       0.002
GenInitTot              :       0.002
--GenInitMine           :       0.002
GenRunTot               :       0.000
--GenRunMine            :       0.000
GenFinalTot             :       0.000
--GenFinalMine          :       0.000
GenRecordTot            :       0.000
--GenRecordMine         :       0.000
GenRefreshTot           :       0.000
--GenRefreshMine        :       0.000
  
  
  Times for GCS
TOTAL                   :      67.268
GCM                     :      67.255
ANA                     :       0.003
GenInitTot              :       2.451
--GenInitMine           :       0.003
GenRunTot               :      64.624
--GenRunMine            :       0.000
GenFinalTot             :       0.237
--GenFinalMine          :       0.000
GenRecordTot            :       0.021
--GenRecordMine         :       0.000
GenRefreshTot           :       0.000
--GenRefreshMine        :       0.000
  
  
  Times for HIST
TOTAL                   :       2.825
Initialize              :       0.181
Finalize                :       0.000
Run                     :       2.645
--Couplers              :       0.342
--I/O                   :       2.304
----IO Create           :       1.038
----IO Write            :       1.651
-----IO Post            :       1.331
-----IO Wait            :       0.321
-----IO Write           :       0.955
-ParserRun              :       0.000
GenInitTot              :       0.000
--GenInitMine           :       0.000
GenRunTot               :       0.000
--GenRunMine            :       0.000
GenFinalTot             :       0.001
--GenFinalMine          :       0.001
GenRecordTot            :       0.000
--GenRecordMine         :       0.000
GenRefreshTot           :       0.000
--GenRefreshMine        :       0.000
  
  
  Times for EXTDATA
TOTAL                   :      28.857
Initialize              :       9.619
Run                     :      19.931
-Read_Loop              :      19.641
--CheckUpd              :       0.003
--Read                  :       6.361
--Swap                  :       0.001
--Bracket               :      16.790
-Interpolate            :       0.306
GenInitTot              :       0.002
--GenInitMine           :       0.002
GenRunTot               :       0.000
--GenRunMine            :       0.000
GenFinalTot             :       0.001
--GenFinalMine          :       0.001
GenRecordTot            :       0.000
--GenRecordMine         :       0.000
GenRefreshTot           :       0.000
--GenRefreshMine        :       0.000
  
 NOT using buffer I/O for file: cap_restart
GEOSgcm Run Status: 0
