g5_modules: Setting BASEDIR and modules for borgq158
/bin/rm: No match.
[1] 12699
[2] 12700
[1]    Done                          if ( -e /discover/nobackup/dmenemen/Heracles-5_4/TEST/agcm_import_rst ) /bin/cp ...
[3] 12701
[2]    Done                          if ( -e /discover/nobackup/dmenemen/Heracles-5_4/TEST/agcm_internal_rst )  ...
[4] 12702
[5] 12703
[6] 12704
[7] 12705
[8] 12708
[9] 12709
[1] 12711
[2] 12713
[1]    Done                          if ( -e /discover/nobackup/dmenemen/Heracles-5_4/TEST/surf_import_rst ) /bin/cp ...
[7]    Done                          if ( -e /discover/nobackup/dmenemen/Heracles-5_4/TEST/catchcn_internal_rst )  ...
[1] 12714
[7] 12715
[2]    Done                          if ( -e /discover/nobackup/dmenemen/Heracles-5_4/TEST/solar_internal_rst )  ...
[9]    Done                          if ( -e /discover/nobackup/dmenemen/Heracles-5_4/TEST/moist_import_rst )  ...
[1]    Done                          if ( -e /discover/nobackup/dmenemen/Heracles-5_4/TEST/irrad_internal_rst )  ...
[9] 12717
[7]    Done                          if ( -e /discover/nobackup/dmenemen/Heracles-5_4/TEST/turb_internal_rst )  ...
[1] 12718
[9]    Done                          if ( -e /discover/nobackup/dmenemen/Heracles-5_4/TEST/turb_import_rst ) /bin/cp ...
[9] 12719
[2] 12720
[7] 12721
[10] 12723
[7]    Done                          if ( -e /discover/nobackup/dmenemen/Heracles-5_4/TEST/gocartdata_internal_rst ) ...
[2]    Done                          if ( -e /discover/nobackup/dmenemen/Heracles-5_4/TEST/gocart_internal_rst )  ...
[9]    Done                          if ( -e /discover/nobackup/dmenemen/Heracles-5_4/TEST/h2o_internal_rst )  ...
[2] 12724
[10]   Done                          if ( -e /discover/nobackup/dmenemen/Heracles-5_4/TEST/carma_internal_rst )  ...
[9] 12725
[2]    Done                          if ( -e /discover/nobackup/dmenemen/Heracles-5_4/TEST/stratchem_internal_rst )  ...
[2] 12726
[9]    Done                          if ( -e /discover/nobackup/dmenemen/Heracles-5_4/TEST/stratchem_import_rst )  ...
[9] 12727
[2]    Done                          if ( -e /discover/nobackup/dmenemen/Heracles-5_4/TEST/gmichem_internal_rst )  ...
[2] 12728
[9]    Done                          if ( -e /discover/nobackup/dmenemen/Heracles-5_4/TEST/gmichem_import_rst )  ...
[9] 12729
[7] 12730
[2]    Done                          if ( -e /discover/nobackup/dmenemen/Heracles-5_4/TEST/mam_internal_rst )  ...
[2] 12731
[7]    Done                          if ( -e /discover/nobackup/dmenemen/Heracles-5_4/TEST/tr_internal_rst ) /bin/cp ...
[9]    Done                          if ( -e /discover/nobackup/dmenemen/Heracles-5_4/TEST/geosachem_internal_rst )  ...
[9] 12732
[7] 12733
[2]    Done                          if ( -e /discover/nobackup/dmenemen/Heracles-5_4/TEST/tr_import_rst ) /bin/cp  ...
[2] 12734
[10] 12735
[11] 12736
[2]    Done                          if ( -e /discover/nobackup/dmenemen/Heracles-5_4/TEST/seaice_import_rst )  ...
[7]    Done                          if ( -e /discover/nobackup/dmenemen/Heracles-5_4/TEST/saltwater_import_rst )  ...
[2] 12738
[11]   Done                          if ( -e /discover/nobackup/dmenemen/Heracles-5_4/TEST/orad_import_rst ) /bin/cp ...
[10]   Done                          if ( -e /discover/nobackup/dmenemen/Heracles-5_4/TEST/seaice_internal_rst )  ...
[2]  + Done                          if ( -e /discover/nobackup/dmenemen/Heracles-5_4/TEST/vegdyn.data ) /bin/cp  ...
[9]  - Done                          if ( -e /discover/nobackup/dmenemen/Heracles-5_4/TEST/saltwater_internal_rst )  ...
[1]  + Done                          if ( -e /discover/nobackup/dmenemen/Heracles-5_4/TEST/pchem_internal_rst )  ...
[8]  + Done                          if ( -e /discover/nobackup/dmenemen/Heracles-5_4/TEST/moist_internal_rst )  ...
[6]  + Done                          if ( -e /discover/nobackup/dmenemen/Heracles-5_4/TEST/catch_internal_rst )  ...
[5]  + Done                          if ( -e /discover/nobackup/dmenemen/Heracles-5_4/TEST/landice_internal_rst )  ...
[4]  + Done                          if ( -e /discover/nobackup/dmenemen/Heracles-5_4/TEST/lake_internal_rst )  ...
[3]  + Done                          if ( -e /discover/nobackup/dmenemen/Heracles-5_4/TEST/fvcore_internal_rst )  ...
/bin/cp: No match.
/bin/ls: No match.
/bin/ln: No match.
srun.slurm: cluster configuration lacks support for cpu binding
srun.slurm: cluster configuration lacks support for cpu binding
 
 In MAPL_Shmem:
     NumCores per Node =            6
     NumNodes in use   =            1
     Total PEs         =            6
 
 
 In MAPL_InitializeShmem (NodeRootsComm):
     NumNodes in use   =            1
 
   Integer*4 Resource Parameter HEARTBEAT_DT:         900
 NOT using buffer I/O for file: cap_restart
Read CAP restart properly, Current Date =   2000/04/14
                           Current Time =   21:00:00
 
   Character Resource Parameter ROOT_CF: AGCM.rc
   Character Resource Parameter ROOT_NAME: GCS
   Character Resource Parameter HIST_CF: HISTORY.rc
   Character Resource Parameter MAPL_ENABLE_TIMERS: YES
   Integer*4 Resource Parameter USE_CICE_Thermo:           1
   Integer*4 Resource Parameter CICE_N_ICE_CATEGORIES:           5
   Integer*4 Resource Parameter CICE_N_ICE_LAYERS:           4
   Integer*4 Resource Parameter NX:           1
   Integer*4 Resource Parameter NY:           6
   Integer*4 Resource Parameter USE_OCEANOBIOGEOCHEM:           0
   Integer*4 Resource Parameter USE_DATAATM:           0
   Integer*4 Resource Parameter ANALYZE_TS:           0
   Character Resource Parameter REPLAY_MODE: NoReplay
   Character Resource Parameter DYCORE: FV3
   Character Resource Parameter LAYOUT: fvcore_layout.rc
   Integer*4 Resource Parameter AGCM_IM:          12
   Integer*4 Resource Parameter AGCM_LM:          72
   Integer*4 Resource Parameter RUN_DT:         900
   Integer*4 Resource Parameter AdvCore_Advection:           0
Number of Sponge Layers :   9
NOTE from PE    0: MPP_DOMAINS_SET_STACK_SIZE: stack size set to  8388606.
 &MPP_IO_NML
 HEADER_BUFFER_VAL       =       16384,
 GLOBAL_FIELD_ON_ROOT_PE = T,
 IO_CLOCKS_ON    = F,
 SHUFFLE =           0,
 DEFLATE_LEVEL   =          -1
 /
NOTE from PE    0: MPP_IO_SET_STACK_SIZE: stack size set to     131072.
 Starting PEs :            6
 Starting Threads :            1
 For k_split (remapping)=           2
n_split is set to 01 for resolution-dt=0013x0013x6-  900.000
Using grid_type :    0
Using n_sponge :    9
Using non_ortho :       T
 Cubic: cubed-sphere domain decomposition
whalo =    3, ehalo =    3, shalo =    3, nhalo =    3
  X-AXIS =   12
  Y-AXIS =   12
 Cubic: cubed-sphere domain decomposition
whalo =    3, ehalo =    3, shalo =    3, nhalo =    3
  X-AXIS =   12
  Y-AXIS =   12
 Cubic: cubed-sphere domain decomposition
whalo =    3, ehalo =    3, shalo =    3, nhalo =    3
  X-AXIS =   12
  Y-AXIS =   12
 Cubic: cubed-sphere domain decomposition
whalo =    3, ehalo =    3, shalo =    3, nhalo =    3
  X-AXIS =   12
  Y-AXIS =   12
 Cubic: cubed-sphere domain decomposition
whalo =    3, ehalo =    3, shalo =    3, nhalo =    3
  X-AXIS =   12
  Y-AXIS =   12
 Cubic: cubed-sphere domain decomposition
whalo =    3, ehalo =    3, shalo =    3, nhalo =    3
  X-AXIS =   12
  Y-AXIS =   12
 create_grid: Looking for cubed-grid mosaic: Inline
 create_grid: Creating Global cubed-grid 
 
  Cubed-Sphere Grid Stats :           13 x          13 x           6
      Grid Length               : min: 653536.87 max: 921025.92 avg: 773905.63 min/max:      0.71
      Deviation from Orthogonal : min:      0.00 max:     26.14 avg:      8.16
      Aspect Ratio              : min:      1.00 max:      1.10 avg:      1.04
 
MAX    AREA (m*m): 0.84245616347594E+12          MIN AREA (m*m): 0.39888855833355E+12
GLOBAL AREA (m*m): 0.51006447190980E+15 IDEAL GLOBAL AREA (m*m): 0.51006447190979E+15
 Grid_init          72           1   100.000000000000     
 Hybrid Sigma-P: minimum allowable surface pressure (hpa)=
   7.94444444444451     
 da_max/da_min=   2.11200884526620     
 da_max_c/da_min_c=   2.19904588958997     
  
 Divergence damping Coefficients * 1.E6:
 For small dt=   450.000000000000     
 External mode del-2 (m**2/s)=   17.1166549180402     
 Internal mode del-2 SMAG dimensionless coeff=  0.200000000000000     
 Internal mode del-2 background diff=  7.500000000000000E-003
 Vorticity del-4 (m**4/s)=  0.000000000000000E+000
  
 Dynamics PE Layout 
NPES_X  :   1
NPES_Y  :   1
Resolution of dynamics restart     =   13   13   72
Number of true pressure levels =    1
   Integer*4 Resource Parameter LSM_CHOICE:           1
   Integer*4 Resource Parameter RUN_ROUTE:           0
 GOCART.data::SetServices: ACTIVE
  
  
 CHEMISTRY::SetServices: RATs Provider List
   OX: PCHEM
   O3: PCHEM
   O3PPMV: PCHEM
   CH4: PCHEM
   N2O: PCHEM
   CFC11: PCHEM
   CFC12: PCHEM
   HCFC22: PCHEM
  
 CHEMISTRY::SetServices:
  AERO Provider is GOCART.data
  
   Integer*4 Resource Parameter USE_SATSIM:           0
   Integer*4 Resource Parameter USE_SATSIM_ISCCP:           0
   Integer*4 Resource Parameter USE_SATSIM_MODIS:           0
   Integer*4 Resource Parameter USE_SATSIM_RADAR:           0
   Integer*4 Resource Parameter USE_SATSIM_LIDAR:           0
   Integer*4 Resource Parameter USE_SATSIM_MISR:           0
      Real*4 Resource Parameter SYNCTQ:    1.00000    
 ORBIT::SetServices: ACTIVE
   Integer*4 Resource Parameter USE_GUEST_OCEAN:           1
 MAPL: adding import TAUX
 MAPL: adding export TAUX
 MAPL: adding import TAUY
 MAPL: adding export TAUY
 MAPL: adding import PS
 MAPL: adding export PS
 MAPL: adding import SWHEAT
 MAPL: adding export SWHEAT
 MAPL: adding import QFLX
 MAPL: adding export QFLX
 MAPL: adding import HFLX
 MAPL: adding export HFLX
 MAPL: adding import SFLX
 MAPL: adding export SFLX
 MAPL: adding import PENUVR
 MAPL: adding export PENUVR
 MAPL: adding import PENPAR
 MAPL: adding export PENPAR
 MAPL: adding import PENUVF
 MAPL: adding export PENUVF
 MAPL: adding import PENPAF
 MAPL: adding export PENPAF
 MAPL: adding import DISCHARGE
 MAPL: adding export DISCHARGE
 MAPL: adding import PICE
 MAPL: adding export PICE
 MAPL: adding export US
 MAPL: adding export VS
 MAPL: adding export TS
 MAPL: adding export SS
 MAPL: adding export MIT_3D_MASK
 MAPL: adding export DH
 MAPL: adding export SLV
 MAPL: adding export USB
 MAPL: adding export VSB
 MAPL: adding export SSH
 MAPL: adding export T
 MAPL: adding export S
 MAPL: adding export DISCHARGEe
 MAPL: adding export PBO
      Real*4 Resource Parameter DT:    900.000    
   Integer*4 Resource Parameter REFERENCE_DATE:    20000414
   Integer*4 Resource Parameter REFERENCE_TIME:           0
   Character Resource Parameter AGCM_GRIDNAME: PE12x72-CF
   Integer*4 Resource Parameter OGCM_NX:           6
   Integer*4 Resource Parameter OGCM_NY:           1
   Character Resource Parameter OGCM_GRIDNAME: CM192x32-CM
   Integer*4 Resource Parameter OGCM_LM:          15
   Character Resource Parameter OGCM_GRIDSPEC: mit-cube_192x32.ascii
 NOT using buffer I/O for file: mit-cube_192x32.ascii
   Character Resource Parameter TILING_FILE: tile.bin
 NOT using buffer I/O for file: tile.bin
 NOT using buffer I/O for file: tile.bin
   Integer*4 Resource Parameter NUM_READERS:           1
   Integer*4 Resource Parameter NUM_WRITERS:           1
   Character Resource Parameter DYN_INTERNAL_RESTART_FILE: fvcore_internal_rst
   Character Resource Parameter DYN_INTERNAL_RESTART_TYPE: pnc4
   Integer*4 Resource Parameter DYN_INTERNAL_HEADER:           1
   Character Resource Parameter MAPL_ENABLE_BOOTSTRAP: YES
   Character Resource Parameter ROMIO_CB_READ: automatic
   Character Resource Parameter ROMIO_CB_WRITE: enable
   Character Resource Parameter CB_BUFFER_SIZE: 16777216
 Using parallel NetCDF for file: fvcore_internal_rst
   Integer*4 Resource Parameter COLDSTART:           0
  
Dynamics time step :   900.0000
  
  
INITIALIZED ALARM: DYN_TIME_TO_RUN EVERY     900.0 secs.
  
 FV3 being run Hydrostatic
  
 
  * denotes a layer within the "sponge-layer" of the dynamics
   k       A(k)       B(k)       Pref        DelP
 ----   ----------  --------  ----------  ---------
*    1    0.010000    0.0000      0.0100
*    2    0.020000    0.0000      0.0200     0.0100
*    3    0.032700    0.0000      0.0327     0.0127
*    4    0.047585    0.0000      0.0476     0.0149
*    5    0.066000    0.0000      0.0660     0.0184
*    6    0.089345    0.0000      0.0893     0.0233
*    7    0.119703    0.0000      0.1197     0.0304
*    8    0.159495    0.0000      0.1595     0.0398
*    9    0.211349    0.0000      0.2113     0.0519
*   10    0.278526    0.0000      0.2785     0.0672
    11    0.365041    0.0000      0.3650     0.0865
    12    0.475806    0.0000      0.4758     0.1108
    13    0.616779    0.0000      0.6168     0.1410
    14    0.795134    0.0000      0.7951     0.1784
    15    1.019440    0.0000      1.0194     0.2243
    16    1.300510    0.0000      1.3005     0.2811
    17    1.650790    0.0000      1.6508     0.3503
    18    2.084970    0.0000      2.0850     0.4342
    19    2.620211    0.0000      2.6202     0.5352
    20    3.276431    0.0000      3.2764     0.6562
    21    4.076571    0.0000      4.0766     0.8001
    22    5.046801    0.0000      5.0468     0.9702
    23    6.216801    0.0000      6.2168     1.1700
    24    7.619842    0.0000      7.6198     1.4030
    25    9.292942    0.0000      9.2929     1.6731
    26   11.276902    0.0000     11.2769     1.9840
    27   13.643402    0.0000     13.6434     2.3665
    28   16.457103    0.0000     16.4571     2.8137
    29   19.791604    0.0000     19.7916     3.3345
    30   23.730405    0.0000     23.7304     3.9388
    31   28.367805    0.0000     28.3678     4.6374
    32   33.810007    0.0000     33.8100     5.4422
    33   40.175409    0.0000     40.1754     6.3654
    34   47.643910    0.0000     47.6439     7.4685
    35   56.387909    0.0000     56.3879     8.7440
    36   66.603412    0.0000     66.6034    10.2155
    37   78.512313    0.0000     78.5123    11.9089
    38   92.365721    0.0000     92.3657    13.8534
    39  108.663015    0.0000    108.6630    16.2973
    40  127.837028    0.0000    127.8370    19.1740
    41  150.393024    0.0000    150.3930    22.5560
    42  176.930035    0.0000    176.9300    26.5370
    43  201.192007    0.0070    208.1520    31.2220
    44  216.865015    0.0280    244.8751    36.7230
    45  224.363003    0.0637    288.0831    43.2080
    46  223.898003    0.1136    337.5001    49.4170
    47  218.775972    0.1562    375.0001    37.5000
    48  212.149976    0.2004    412.5001    37.5000
    49  203.258980    0.2467    450.0001    37.5000
    50  193.096949    0.2944    487.5001    37.5000
    51  181.618961    0.3434    525.0001    37.5000
    52  169.608961    0.3929    562.5001    37.5000
    53  156.259957    0.4437    600.0001    37.5000
    54  142.909948    0.4946    637.5001    37.5000
    55  128.695935    0.5463    675.0001    37.5000
    56  118.958620    0.5810    700.0001    25.0000
    57  109.181707    0.6158    725.0001    25.0000
    58   99.365213    0.6506    750.0002    25.0000
    59   89.099920    0.6859    774.9998    24.9997
    60   78.834217    0.7212    800.0002    25.0003
    61   70.621981    0.7494    820.0002    20.0000
    62   64.362635    0.7706    835.0001    15.0000
    63   58.053212    0.7919    850.0002    15.0000
    64   51.696107    0.8133    865.0001    14.9999
    65   45.339008    0.8347    880.0000    14.9999
    66   38.982008    0.8560    895.0000    15.0001
    67   32.570807    0.8774    909.9998    14.9998
    68   26.092006    0.8989    925.0000    15.0002
    69   19.613105    0.9204    940.0001    15.0001
    70   13.134803    0.9419    954.9998    14.9997
    71    6.593752    0.9634    969.9998    14.9999
    72    0.048048    0.9850    985.0000    15.0002
    73    0.000000    1.0000   1000.0000    15.0000
 
   Character Resource Parameter MOIST_IMPORT_RESTART_FILE: moist_import_rst
   Character Resource Parameter MOIST_IMPORT_RESTART_TYPE: pnc4
 Bootstrapping moist_import_rst
   Character Resource Parameter MOIST_INTERNAL_RESTART_FILE: moist_internal_rst
   Character Resource Parameter MOIST_INTERNAL_RESTART_TYPE: pnc4
   Integer*4 Resource Parameter INTERNAL_HEADER:           0
 Using parallel NetCDF for file: moist_internal_rst
   Character Resource Parameter CLDMICRO: 1MOMENT
      Real*4 Resource Parameter CICE_DT:    0.00000    
      Real*4 Resource Parameter ALBICEV:   0.730000    
      Real*4 Resource Parameter ALBICEI:   0.330000    
      Real*4 Resource Parameter ALBSNOWV:   0.960000    
      Real*4 Resource Parameter ALBSNOWI:   0.680000    
   Character Resource Parameter CICE_CONDUCTIVITY: bubbly
   Character Resource Parameter CICE_SHORTWAVE: shortwave_ccsm
   Integer*4 Resource Parameter CICE_DO_POND:           0
      Real*4 Resource Parameter CICE_USTAR_MIN:   0.100000E-02
      Real*4 Resource Parameter CICE_AH_MAX:   0.300000    
   Integer*4 Resource Parameter PRESCRIBED_ICE:           1
 Model time step =   0.0000000E+00
 Sea ice albedo parameters:
 ALBICEV  =   0.7300000    
 ALBICEI  =   0.3300000    
 ALBSNOWV =   0.9600000    
 ALBSNOWI =   0.6800000    
 Sea ice conductivity parameterization:
 CONDTYPE = 
 bubbly                                                                         
                                                  
 DO NOT do any explicit melt ponding
 Sea ice shortwave parameterization:
 shortwave = 
 shortwave_ccsm                                                                 
                                                  
 ustar_min =   1.0000000E-03
 ahmax     =   0.3000000    
 Allocating column physics arrays from SALTWATERInitialize
  
 hin_max(n-1) < Cat n < hin_max(n)
  0.000000000000000E+000  < Cat            1  <   0.644507216819426     
  0.644507216819426       < Cat            2  <    1.39143349757630     
   1.39143349757630       < Cat            3  <    2.47017938195989     
   2.47017938195989       < Cat            4  <    4.56728791885049     
   4.56728791885049       < Cat            5  <    9.33384181586817     
  
   Character Resource Parameter SALTWATER_IMPORT_RESTART_FILE: saltwater_import_rst
   Character Resource Parameter SALTWATER_IMPORT_RESTART_TYPE: pnc4
 Bootstrapping saltwater_import_rst
   Character Resource Parameter SALTWATER_INTERNAL_RESTART_FILE: saltwater_internal_rst
   Character Resource Parameter SALTWATER_INTERNAL_RESTART_TYPE: pnc4
 Using parallel NetCDF for file: saltwater_internal_rst
   Character Resource Parameter LAKE_INTERNAL_RESTART_FILE: lake_internal_rst
   Character Resource Parameter LAKE_INTERNAL_RESTART_TYPE: pnc4
 Using parallel NetCDF for file: lake_internal_rst
   Character Resource Parameter LANDICE_INTERNAL_RESTART_FILE: landice_internal_rst
   Character Resource Parameter LANDICE_INTERNAL_RESTART_TYPE: pnc4
 Using parallel NetCDF for file: landice_internal_rst
   Character Resource Parameter VEGDYN_INTERNAL_RESTART_FILE: vegdyn.data
   Character Resource Parameter VEGDYN_INTERNAL_RESTART_TYPE: binary
 NOT using buffer I/O for file: vegdyn.data
   Character Resource Parameter CATCH_INTERNAL_RESTART_FILE: catch_internal_rst
   Character Resource Parameter CATCH_INTERNAL_RESTART_TYPE: pnc4
 Using parallel NetCDF for file: catch_internal_rst
   Character Resource Parameter SURFACE_IMPORT_RESTART_FILE: surf_import_rst
   Character Resource Parameter SURFACE_IMPORT_RESTART_TYPE: pnc4
 Bootstrapping surf_import_rst
   Character Resource Parameter ROUTING_FILE: 
   Character Resource Parameter TURBULENCE_IMPORT_RESTART_FILE: turb_import_rst
   Character Resource Parameter TURBULENCE_IMPORT_RESTART_TYPE: pnc4
 Bootstrapping turb_import_rst
   Character Resource Parameter TURBULENCE_INTERNAL_RESTART_FILE: turb_internal_rst
   Character Resource Parameter TURBULENCE_INTERNAL_RESTART_TYPE: pnc4
 Bootstrapping turb_internal_rst
   Character Resource Parameter PCHEM_INTERNAL_RESTART_FILE: pchem_internal_rst
   Character Resource Parameter PCHEM_INTERNAL_RESTART_TYPE: pnc4
 Using parallel NetCDF for file: pchem_internal_rst
   Character Resource Parameter RATS_PROVIDER: PCHEM
   Character Resource Parameter pchem_clim: species.data
   Integer*4 Resource Parameter pchem_clim_years:           2
 GOCART.data::Initialize_: Starting...
  
   Character Resource Parameter GOCART.data_INTERNAL_RESTART_FILE: gocartdata_internal_rst
   Character Resource Parameter GOCART.data_INTERNAL_RESTART_TYPE: pnc4
 Bootstrapping gocartdata_internal_rst
 GOCART.data::Initialize_: Diurnal Biomass Burning is ON
      Real*4 Resource Parameter SOLAR_DT:    3600.00    
   Character Resource Parameter SOLAR_INTERNAL_RESTART_FILE: solar_internal_rst
   Character Resource Parameter SOLAR_INTERNAL_RESTART_TYPE: pnc4
 Bootstrapping solar_internal_rst
      Real*4 Resource Parameter IRRAD_DT:    3600.00    
   Character Resource Parameter IRRAD_INTERNAL_RESTART_FILE: irrad_internal_rst
   Character Resource Parameter IRRAD_INTERNAL_RESTART_TYPE: pnc4
 Bootstrapping irrad_internal_rst
 NOT using buffer I/O for file: topo_dynave.data
 NOT using buffer I/O for file: topo_dynave.data
      Real*4 Resource Parameter GWDVAR_FACTOR:    1.00000    
 NOT using buffer I/O for file: topo_gwdvar.data
      Real*4 Resource Parameter TRBVAR_FACTOR:    1.00000    
 NOT using buffer I/O for file: topo_trbvar.data
      Real*4 Resource Parameter RUN_DT:    900.000    
      Real*4 Resource Parameter PREDICTOR_OFFSET:    21600.0    
   Character Resource Parameter FILTER_TYPE: NULL
   Character Resource Parameter ORAD_IMPORT_RESTART_FILE: orad_import_rst
   Character Resource Parameter ORAD_IMPORT_RESTART_TYPE: pnc4
 Bootstrapping orad_import_rst
      Real*4 Resource Parameter MIT_DT:    900.000    
   Character Resource Parameter OCEAN_DIR: mitocean_run
 Calling DRIVER_INIT
 Done DRIVER_INIT
 Calling DRIVER_Get_ExportState
 Done DRIVER_Get_ExportState
 Done MIT_PlugInit
 
 EXPSRC:Heracles-5_3
 EXPID: TEST
 Descr: TEST
 DisableSubVmChecks: F
 BlockSize:           10
 MarkDone:             0
 PrePost:              1
 
 Reading HISTORY RC Files:
 -------------------------
 NOT using buffer I/O for file: HISTORY.rc
 NOT using buffer I/O for file: geosgcm_prog.rcx
 NOT using buffer I/O for file: geosgcm_surf.rcx
 NOT using buffer I/O for file: mit_ocn.rcx
 
 NOT using buffer I/O for file: tile.bin
 NOT using buffer I/O for file: tile.bin
 
 Independent Output Export States:
 ---------------------------------
           1 AGCM
           2 DYN
           3 MOIST
           4 CHEMISTRY
           5 TURBULENCE
           6 SURFACE
           7 SOLAR
           8 RADIATION
           9 IRRAD
          10 MIT
 
 Initializing Output Stream: geosgcm_prog
 --------------------------- 
       Format: CFIO
         Mode: instantaneous
        Nbits:          100
       Slices:          483
      Deflate:            0
    Frequency:        60000
     Ref_Date:     20000414
     Ref_Time:            0
     Duration:        60000
  Output RSLV:           48          25
    XY-offset:            0   (DcPc: Dateline Center, Pole Center)
      Fields: PHIS SLP U V T PS H OMEGA QV QI QL RH O3 PLE 
    Vert Interp  Var: log(PLE)
    Vertical    Unit: hPa
    Vertical Scaling:    100.0000    
    Vertical  Levels:    1000.000       975.0000       950.0000    
   925.0000       900.0000       875.0000       850.0000       825.0000    
   800.0000       775.0000       750.0000       725.0000       700.0000    
   650.0000       600.0000       550.0000       500.0000       450.0000    
   400.0000       350.0000       300.0000       250.0000       200.0000    
   150.0000       100.0000       70.00000       50.00000       40.00000    
   30.00000       20.00000       10.00000       7.000000       5.000000    
   4.000000       3.000000       2.000000       1.000000      0.7000000    
  0.5000000      0.4000000      0.3000000      0.2000000      0.1000000    
  7.0000000E-02  5.0000001E-02  3.9999999E-02  2.9999999E-02  2.0000000E-02
 
 
 Initializing Output Stream: geosgcm_surf
 --------------------------- 
       Format: CFIO
         Mode: time-averaged
        Nbits:          100
       Slices:          147
      Deflate:            0
    Frequency:        30000
 Acc_Interval:        30000
     Ref_Date:     20000414
     Ref_Time:       210000
     Duration:        30000
  Output RSLV:           48          25
    XY-offset:            0   (DcPc: Dateline Center, Pole Center)
      Fields: PHIS SGH VARFLT TROPPV TROPPT TROPPB TROPT TROPQ QVFILL OXFILL TA QA US VS PS SPEED PBLH TS QS THAT QHAT RASTIME RASPBLQ CNPRCP LSPRCP ANPRCP SNO PLS PCU LWP CCWP TAUTT TAULO TAUMD TAUHI CLDTT CLDLO CLDMD CLDHI SPLAND SPWATR RUNOFF BASEFLOW EMIS CT CQ CN CM RISFC LAI GRN SNOMAS VEGTYPE WET1 WET2 WET3 TSOIL1 TSOIL2 FRLAND FRLANDICE FRLAKE FRSEAICE FROCEAN USTAR Z0 Z0H LHFX SHFX EVAP TAUX TAUY RHOS U2M V2M T2M Q2M U10N V10N U10M V10M T10M Q10M U50M V50M GUST VENT ASNOW RADSRF FLNS FLNSC FLNSCNA OLR OLRC OLRCNA LWS LWSC LWSCNA SFCEM SWCLDTMP SWCLDPRS OSR OSRCLR SWTNET SWTNETC SWTNETCNA SWTNETNA RADSWT SWGDWN SWGDWNC SWGNET SWGNETC SWGNETNA SWGNETCNA ALBEDO ALBVR ALBVF ALBNR ALBNF EVLAND LHLAND SHLAND SWLAND LWLAND GHLAND SMLAND TWLAND TELAND EVAPOUT COSZ DCOOL DWARM DELT_COOL BULK_SST TDEL BCOOL LCOOL TBAR USTARW SWCOOL QCOOL DELTS QWARM SWWARM LANGM PHIW TAUTW ZETA_W 
 
 
 Initializing Output Stream: mit_ocn
 --------------------------- 
       Format: CFIO
         Mode: instantaneous
        Nbits:          100
       Slices:           40
      Deflate:            0
    Frequency:        10000
     Ref_Date:     20000414
     Ref_Time:            0
     Duration:        10000
  Output RSLV:           48          25
    XY-offset:            0   (DcPc: Dateline Center, Pole Center)
      Fields: US VS TS SS MASK TAUX TAUY PS SWHEAT QFLX HFLX SFLX 
 
 
 EXTDATA::Initialize_: ACTIVE
 
 ************************************************
 ** Variables to be provided by the ExtData Component **
 ************************************************
 ----            1 : WSUB_NATURE
 ----            2 : climBCDP001
 ----            3 : climBCDP002
 ----            4 : climBCWT001
 ----            5 : climBCWT002
 ----            6 : climBCphilic
 ----            7 : climBCphobic
 ----            8 : climDMS
 ----            9 : climDUDP001
 ----           10 : climDUDP002
 ----           11 : climDUDP003
 ----           12 : climDUDP004
 ----           13 : climDUDP005
 ----           14 : climDUSD001
 ----           15 : climDUSD002
 ----           16 : climDUSD003
 ----           17 : climDUSD004
 ----           18 : climDUSD005
 ----           19 : climDUWT001
 ----           20 : climDUWT002
 ----           21 : climDUWT003
 ----           22 : climDUWT004
 ----           23 : climDUWT005
 ----           24 : climMSA
 ----           25 : climOCDP001
 ----           26 : climOCDP002
 ----           27 : climOCWT001
 ----           28 : climOCWT002
 ----           29 : climOCphilic
 ----           30 : climOCphobic
 ----           31 : climSO2
 ----           32 : climSO4
 ----           33 : climdu001
 ----           34 : climdu002
 ----           35 : climdu003
 ----           36 : climdu004
 ----           37 : climdu005
 ----           38 : climss001
 ----           39 : climss002
 ----           40 : climss003
 ----           41 : climss004
 ----           42 : climss005
 ************************************************
 
 CFIO: Reading 
 ExtData/PIESA/L72/aero_clm/dR_MERRA-AA-r2.aer_Nv.2003_2014.2008clm.nc4 at 
    20080316        120000
 CFIO: Reading 
 ExtData/PIESA/L72/aero_clm/dR_MERRA-AA-r2.aer_Nv.2003_2014.2008clm.nc4 at 
    20080416             0
 CFIO: Reading 
 ExtData/PIESA/L72/aero_clm/dR_MERRA-AA-r2.aer_Nv.2003_2014.2008clm.nc4 at 
    20080316        120000
 CFIO: Reading 
 ExtData/PIESA/L72/aero_clm/dR_MERRA-AA-r2.aer_Nv.2003_2014.2008clm.nc4 at 
    20080416             0
 CFIO: Reading 
 ExtData/PIESA/L72/aero_clm/dR_MERRA-AA-r2.aer_Nv.2003_2014.2008clm.nc4 at 
    20080316        120000
 CFIO: Reading 
 ExtData/PIESA/L72/aero_clm/dR_MERRA-AA-r2.aer_Nv.2003_2014.2008clm.nc4 at 
    20080416             0
 CFIO: Reading 
 ExtData/PIESA/L72/aero_clm/dR_MERRA-AA-r2.aer_Nv.2003_2014.2008clm.nc4 at 
    20080316        120000
 CFIO: Reading 
 ExtData/PIESA/L72/aero_clm/dR_MERRA-AA-r2.aer_Nv.2003_2014.2008clm.nc4 at 
    20080416             0
 CFIO: Reading 
 ExtData/PIESA/L72/aero_clm/dR_MERRA-AA-r2.aer_Nv.2003_2014.2008clm.nc4 at 
    20080316        120000
 CFIO: Reading 
 ExtData/PIESA/L72/aero_clm/dR_MERRA-AA-r2.aer_Nv.2003_2014.2008clm.nc4 at 
    20080416             0
 CFIO: Reading 
 ExtData/PIESA/L72/aero_clm/dR_MERRA-AA-r2.aer_Nv.2003_2014.2008clm.nc4 at 
    20080316        120000
 CFIO: Reading 
 ExtData/PIESA/L72/aero_clm/dR_MERRA-AA-r2.aer_Nv.2003_2014.2008clm.nc4 at 
    20080416             0
 CFIO: Reading 
 ExtData/PIESA/L72/aero_clm/dR_MERRA-AA-r2.aer_Nv.2003_2014.2008clm.nc4 at 
    20080316        120000
 CFIO: Reading 
 ExtData/PIESA/L72/aero_clm/dR_MERRA-AA-r2.aer_Nv.2003_2014.2008clm.nc4 at 
    20080416             0
 CFIO: Reading 
 ExtData/PIESA/L72/aero_clm/dR_MERRA-AA-r2.aer_Nv.2003_2014.2008clm.nc4 at 
    20080316        120000
 CFIO: Reading 
 ExtData/PIESA/L72/aero_clm/dR_MERRA-AA-r2.aer_Nv.2003_2014.2008clm.nc4 at 
    20080416             0
 CFIO: Reading 
 ExtData/PIESA/L72/aero_clm/dR_MERRA-AA-r2.aer_Nv.2003_2014.2008clm.nc4 at 
    20080316        120000
 CFIO: Reading 
 ExtData/PIESA/L72/aero_clm/dR_MERRA-AA-r2.aer_Nv.2003_2014.2008clm.nc4 at 
    20080416             0
 CFIO: Reading 
 ExtData/PIESA/L72/aero_clm/dR_MERRA-AA-r2.aer_Nv.2003_2014.2008clm.nc4 at 
    20080316        120000
 CFIO: Reading 
 ExtData/PIESA/L72/aero_clm/dR_MERRA-AA-r2.aer_Nv.2003_2014.2008clm.nc4 at 
    20080416             0
 CFIO: Reading 
 ExtData/PIESA/L72/aero_clm/dR_MERRA-AA-r2.aer_Nv.2003_2014.2008clm.nc4 at 
    20080316        120000
 CFIO: Reading 
 ExtData/PIESA/L72/aero_clm/dR_MERRA-AA-r2.aer_Nv.2003_2014.2008clm.nc4 at 
    20080416             0
 CFIO: Reading 
 ExtData/PIESA/L72/aero_clm/dR_MERRA-AA-r2.aer_Nv.2003_2014.2008clm.nc4 at 
    20080316        120000
 CFIO: Reading 
 ExtData/PIESA/L72/aero_clm/dR_MERRA-AA-r2.aer_Nv.2003_2014.2008clm.nc4 at 
    20080416             0
 CFIO: Reading 
 ExtData/PIESA/L72/aero_clm/dR_MERRA-AA-r2.aer_Nv.2003_2014.2008clm.nc4 at 
    20080316        120000
 CFIO: Reading 
 ExtData/PIESA/L72/aero_clm/dR_MERRA-AA-r2.aer_Nv.2003_2014.2008clm.nc4 at 
    20080416             0
 CFIO: Reading 
 ExtData/PIESA/L72/aero_clm/dR_MERRA-AA-r2.aer_Nv.2003_2014.2008clm.nc4 at 
    20080316        120000
 CFIO: Reading 
 ExtData/PIESA/L72/aero_clm/dR_MERRA-AA-r2.aer_Nv.2003_2014.2008clm.nc4 at 
    20080416             0
 CFIO: Reading 
 ExtData/PIESA/L72/aero_clm/dR_MERRA-AA-r2.aer_Nv.2003_2014.2008clm.nc4 at 
    20080316        120000
 CFIO: Reading 
 ExtData/PIESA/L72/aero_clm/dR_MERRA-AA-r2.aer_Nv.2003_2014.2008clm.nc4 at 
    20080416             0
 CFIO: Reading 
 ExtData/PIESA/sfc/aero_clm/dR_MERRA-AA-r2.aer_Nx.2003_2014.2008clm.nc4 at 
    20080316        120000
 CFIO: Reading 
 ExtData/PIESA/sfc/aero_clm/dR_MERRA-AA-r2.aer_Nx.2003_2014.2008clm.nc4 at 
    20080416             0
 CFIO: Reading 
 ExtData/PIESA/sfc/aero_clm/dR_MERRA-AA-r2.aer_Nx.2003_2014.2008clm.nc4 at 
    20080316        120000
 CFIO: Reading 
 ExtData/PIESA/sfc/aero_clm/dR_MERRA-AA-r2.aer_Nx.2003_2014.2008clm.nc4 at 
    20080416             0
 CFIO: Reading 
 ExtData/PIESA/sfc/aero_clm/dR_MERRA-AA-r2.aer_Nx.2003_2014.2008clm.nc4 at 
    20080316        120000
 CFIO: Reading 
 ExtData/PIESA/sfc/aero_clm/dR_MERRA-AA-r2.aer_Nx.2003_2014.2008clm.nc4 at 
    20080416             0
 CFIO: Reading 
 ExtData/PIESA/sfc/aero_clm/dR_MERRA-AA-r2.aer_Nx.2003_2014.2008clm.nc4 at 
    20080316        120000
 CFIO: Reading 
 ExtData/PIESA/sfc/aero_clm/dR_MERRA-AA-r2.aer_Nx.2003_2014.2008clm.nc4 at 
    20080416             0
 CFIO: Reading 
 ExtData/PIESA/sfc/aero_clm/dR_MERRA-AA-r2.aer_Nx.2003_2014.2008clm.nc4 at 
    20080316        120000
 CFIO: Reading 
 ExtData/PIESA/sfc/aero_clm/dR_MERRA-AA-r2.aer_Nx.2003_2014.2008clm.nc4 at 
    20080416             0
 CFIO: Reading 
 ExtData/PIESA/sfc/aero_clm/dR_MERRA-AA-r2.aer_Nx.2003_2014.2008clm.nc4 at 
    20080316        120000
 CFIO: Reading 
 ExtData/PIESA/sfc/aero_clm/dR_MERRA-AA-r2.aer_Nx.2003_2014.2008clm.nc4 at 
    20080416             0
 CFIO: Reading 
 ExtData/PIESA/sfc/aero_clm/dR_MERRA-AA-r2.aer_Nx.2003_2014.2008clm.nc4 at 
    20080316        120000
 CFIO: Reading 
 ExtData/PIESA/sfc/aero_clm/dR_MERRA-AA-r2.aer_Nx.2003_2014.2008clm.nc4 at 
    20080416             0
 CFIO: Reading 
 ExtData/PIESA/sfc/aero_clm/dR_MERRA-AA-r2.aer_Nx.2003_2014.2008clm.nc4 at 
    20080316        120000
 CFIO: Reading 
 ExtData/PIESA/sfc/aero_clm/dR_MERRA-AA-r2.aer_Nx.2003_2014.2008clm.nc4 at 
    20080416             0
 CFIO: Reading 
 ExtData/PIESA/sfc/aero_clm/dR_MERRA-AA-r2.aer_Nx.2003_2014.2008clm.nc4 at 
    20080316        120000
 CFIO: Reading 
 ExtData/PIESA/sfc/aero_clm/dR_MERRA-AA-r2.aer_Nx.2003_2014.2008clm.nc4 at 
    20080416             0
 CFIO: Reading 
 ExtData/PIESA/sfc/aero_clm/dR_MERRA-AA-r2.aer_Nx.2003_2014.2008clm.nc4 at 
    20080316        120000
 CFIO: Reading 
 ExtData/PIESA/sfc/aero_clm/dR_MERRA-AA-r2.aer_Nx.2003_2014.2008clm.nc4 at 
    20080416             0
 CFIO: Reading 
 ExtData/PIESA/sfc/aero_clm/dR_MERRA-AA-r2.aer_Nx.2003_2014.2008clm.nc4 at 
    20080316        120000
 CFIO: Reading 
 ExtData/PIESA/sfc/aero_clm/dR_MERRA-AA-r2.aer_Nx.2003_2014.2008clm.nc4 at 
    20080416             0
 CFIO: Reading 
 ExtData/PIESA/sfc/aero_clm/dR_MERRA-AA-r2.aer_Nx.2003_2014.2008clm.nc4 at 
    20080316        120000
 CFIO: Reading 
 ExtData/PIESA/sfc/aero_clm/dR_MERRA-AA-r2.aer_Nx.2003_2014.2008clm.nc4 at 
    20080416             0
 CFIO: Reading 
 ExtData/PIESA/sfc/aero_clm/dR_MERRA-AA-r2.aer_Nx.2003_2014.2008clm.nc4 at 
    20080316        120000
 CFIO: Reading 
 ExtData/PIESA/sfc/aero_clm/dR_MERRA-AA-r2.aer_Nx.2003_2014.2008clm.nc4 at 
    20080416             0
 CFIO: Reading 
 ExtData/PIESA/sfc/aero_clm/dR_MERRA-AA-r2.aer_Nx.2003_2014.2008clm.nc4 at 
    20080316        120000
 CFIO: Reading 
 ExtData/PIESA/sfc/aero_clm/dR_MERRA-AA-r2.aer_Nx.2003_2014.2008clm.nc4 at 
    20080416             0
 CFIO: Reading 
 ExtData/PIESA/sfc/aero_clm/dR_MERRA-AA-r2.aer_Nx.2003_2014.2008clm.nc4 at 
    20080316        120000
 CFIO: Reading 
 ExtData/PIESA/sfc/aero_clm/dR_MERRA-AA-r2.aer_Nx.2003_2014.2008clm.nc4 at 
    20080416             0
 CFIO: Reading 
 ExtData/PIESA/sfc/aero_clm/dR_MERRA-AA-r2.aer_Nx.2003_2014.2008clm.nc4 at 
    20080316        120000
 CFIO: Reading 
 ExtData/PIESA/sfc/aero_clm/dR_MERRA-AA-r2.aer_Nx.2003_2014.2008clm.nc4 at 
    20080416             0
 CFIO: Reading 
 ExtData/PIESA/sfc/aero_clm/dR_MERRA-AA-r2.aer_Nx.2003_2014.2008clm.nc4 at 
    20080316        120000
 CFIO: Reading 
 ExtData/PIESA/sfc/aero_clm/dR_MERRA-AA-r2.aer_Nx.2003_2014.2008clm.nc4 at 
    20080416             0
 CFIO: Reading 
 ExtData/PIESA/sfc/aero_clm/dR_MERRA-AA-r2.aer_Nx.2003_2014.2008clm.nc4 at 
    20080316        120000
 CFIO: Reading 
 ExtData/PIESA/sfc/aero_clm/dR_MERRA-AA-r2.aer_Nx.2003_2014.2008clm.nc4 at 
    20080416             0
 CFIO: Reading 
 ExtData/PIESA/sfc/aero_clm/dR_MERRA-AA-r2.aer_Nx.2003_2014.2008clm.nc4 at 
    20080316        120000
 CFIO: Reading 
 ExtData/PIESA/sfc/aero_clm/dR_MERRA-AA-r2.aer_Nx.2003_2014.2008clm.nc4 at 
    20080416             0
 CFIO: Reading 
 ExtData/PIESA/sfc/aero_clm/dR_MERRA-AA-r2.aer_Nx.2003_2014.2008clm.nc4 at 
    20080316        120000
 CFIO: Reading 
 ExtData/PIESA/sfc/aero_clm/dR_MERRA-AA-r2.aer_Nx.2003_2014.2008clm.nc4 at 
    20080416             0
 CFIO: Reading 
 ExtData/PIESA/sfc/aero_clm/dR_MERRA-AA-r2.aer_Nx.2003_2014.2008clm.nc4 at 
    20080316        120000
 CFIO: Reading 
 ExtData/PIESA/sfc/aero_clm/dR_MERRA-AA-r2.aer_Nx.2003_2014.2008clm.nc4 at 
    20080416             0
 CFIO: Reading 
 ExtData/PIESA/sfc/aero_clm/dR_MERRA-AA-r2.aer_Nx.2003_2014.2008clm.nc4 at 
    20080316        120000
 CFIO: Reading 
 ExtData/PIESA/sfc/aero_clm/dR_MERRA-AA-r2.aer_Nx.2003_2014.2008clm.nc4 at 
    20080416             0
 CFIO: Reading 
 ExtData/PIESA/sfc/aero_clm/dR_MERRA-AA-r2.aer_Nx.2003_2014.2008clm.nc4 at 
    20080316        120000
 CFIO: Reading 
 ExtData/PIESA/sfc/aero_clm/dR_MERRA-AA-r2.aer_Nx.2003_2014.2008clm.nc4 at 
    20080416             0
 CFIO: Reading ExtData/g5gcm/moist/L72/Wvar_positive_05hrdeg_200604.nc4 at 
    20060401             0
 CFIO: Reading ExtData/g5gcm/moist/L72/Wvar_positive_05hrdeg_200605.nc4 at 
    20060501             0
 Advecting the following    16 tracers in FV:
 CFC11
 CFC12
 CH4
 CLCN
 CLLS
 HCFC22
 N2O
 NCPI
 NCPL
 OX
 Q
 QICN
 QILS
 QLCN
 QLLS
 QW
 Global Area=   510064471909797.     
 NOT using buffer I/O for file: lai.data
 Using parallel IO for file: lai.data
 Using parallel IO for file: lai.data
 NOT using buffer I/O for file: green.data
 Using parallel IO for file: green.data
 Using parallel IO for file: green.data
 NOT using buffer I/O for file: visdf.dat
 Previous time forVISDFs is:
           1           4           7           0           0           0
           1           4          15           0           0           0
 Using parallel IO for file: visdf.dat
 Using parallel IO for file: visdf.dat
 NOT using buffer I/O for file: nirdf.dat
 Previous time forNIRDFs is:
           1           4           7           0           0           0
           1           4          15           0           0           0
 Using parallel IO for file: nirdf.dat
 Using parallel IO for file: nirdf.dat
  
 PCHEM::Run: Indices selected from climatology are           15          16
  
 
 Updated CO2 in solar for year/day 2000/105 is  0.36854E-03
 
 
 Updated Solar Constant for year/day 2000/105 is  0.13618E+04
 
 NOT using buffer I/O for file: SEAWIFS_KPAR_mon_clim.data
 Using parallel IO for file: SEAWIFS_KPAR_mon_clim.data
 Using parallel IO for file: SEAWIFS_KPAR_mon_clim.data
  Starting plug run method 
forrtl: severe (174): SIGSEGV, segmentation fault occurred
Image              PC                Routine            Line        Source             
libirc.so          00002AAAAF4E8961  Unknown               Unknown  Unknown
libirc.so          00002AAAAF4E70B7  Unknown               Unknown  Unknown
GEOSgcm.x          00000000041E1194  Unknown               Unknown  Unknown
GEOSgcm.x          00000000041E0FA6  Unknown               Unknown  Unknown
GEOSgcm.x          00000000041700CF  Unknown               Unknown  Unknown
GEOSgcm.x          0000000004179C6D  Unknown               Unknown  Unknown
libc.so.6          00002AAAAF769910  Unknown               Unknown  Unknown
GEOSgcm.x          00000000027E7B6B  Unknown               Unknown  Unknown
GEOSgcm.x          00000000027E08A7  mit_geos5plugmod_         908  MIT_GEOS5PlugMod.F90
GEOSgcm.x          00000000032C1708  Unknown               Unknown  Unknown
GEOSgcm.x          00000000032C3816  Unknown               Unknown  Unknown
GEOSgcm.x          00000000032D317D  Unknown               Unknown  Unknown
GEOSgcm.x          00000000032C2269  Unknown               Unknown  Unknown
GEOSgcm.x          0000000003360DB5  Unknown               Unknown  Unknown
GEOSgcm.x          00000000034AADA8  Unknown               Unknown  Unknown
GEOSgcm.x          000000000309F87F  mapl_genericmod_m        1704  MAPL_Generic.F90
GEOSgcm.x          00000000027BC0B2  guestocean_gridco        1578  GuestOcean_GridComp.F90
GEOSgcm.x          00000000032C1708  Unknown               Unknown  Unknown
GEOSgcm.x          00000000032C3816  Unknown               Unknown  Unknown
GEOSgcm.x          00000000032D317D  Unknown               Unknown  Unknown
GEOSgcm.x          00000000032C2269  Unknown               Unknown  Unknown
GEOSgcm.x          0000000003360DB5  Unknown               Unknown  Unknown
GEOSgcm.x          00000000034AADA8  Unknown               Unknown  Unknown
GEOSgcm.x          000000000309F87F  mapl_genericmod_m        1704  MAPL_Generic.F90
GEOSgcm.x          00000000027A0783  geos_ogcmgridcomp        2064  GEOS_OgcmGridComp.F90
GEOSgcm.x          00000000032C1708  Unknown               Unknown  Unknown
GEOSgcm.x          00000000032C3816  Unknown               Unknown  Unknown
GEOSgcm.x          00000000032D317D  Unknown               Unknown  Unknown
GEOSgcm.x          00000000032C2269  Unknown               Unknown  Unknown
GEOSgcm.x          0000000003360DB5  Unknown               Unknown  Unknown
GEOSgcm.x          00000000034AADA8  Unknown               Unknown  Unknown
GEOSgcm.x          000000000051A384  geos_gcmgridcompm        1570  GEOS_GcmGridComp.F90
GEOSgcm.x          0000000000514EBA  geos_gcmgridcompm        1389  GEOS_GcmGridComp.F90
GEOSgcm.x          00000000032C1708  Unknown               Unknown  Unknown
GEOSgcm.x          00000000032C3816  Unknown               Unknown  Unknown
GEOSgcm.x          00000000032D317D  Unknown               Unknown  Unknown
GEOSgcm.x          00000000032C2269  Unknown               Unknown  Unknown
GEOSgcm.x          0000000003360DB5  Unknown               Unknown  Unknown
GEOSgcm.x          00000000034AADA8  Unknown               Unknown  Unknown
GEOSgcm.x          000000000309F87F  mapl_genericmod_m        1704  MAPL_Generic.F90
GEOSgcm.x          00000000032C1708  Unknown               Unknown  Unknown
GEOSgcm.x          00000000032C3816  Unknown               Unknown  Unknown
GEOSgcm.x          00000000032D317D  Unknown               Unknown  Unknown
GEOSgcm.x          00000000032C2269  Unknown               Unknown  Unknown
GEOSgcm.x          0000000003360DB5  Unknown               Unknown  Unknown
GEOSgcm.x          00000000034AADA8  Unknown               Unknown  Unknown
GEOSgcm.x          00000000030FBBDB  mapl_capmod_mp_ma         787  MAPL_Cap.F90
GEOSgcm.x          000000000050D689  MAIN__                     90  GEOSgcm.F90
GEOSgcm.x          000000000050D5BE  Unknown               Unknown  Unknown
libc.so.6          00002AAAAF755C36  Unknown               Unknown  Unknown
GEOSgcm.x          000000000050D4C9  Unknown               Unknown  Unknown
forrtl: severe (174): SIGSEGV, segmentation fault occurred
Image              PC                Routine            Line        Source             
libirc.so          00002AAAAF4E8961  Unknown               Unknown  Unknown
libirc.so          00002AAAAF4E70B7  Unknown               Unknown  Unknown
GEOSgcm.x          00000000041E1194  Unknown               Unknown  Unknown
GEOSgcm.x          00000000041E0FA6  Unknown               Unknown  Unknown
GEOSgcm.x          00000000041700CF  Unknown               Unknown  Unknown
GEOSgcm.x          0000000004179C6D  Unknown               Unknown  Unknown
libc.so.6          00002AAAAF769910  Unknown               Unknown  Unknown
GEOSgcm.x          00000000027E7B6B  Unknown               Unknown  Unknown
GEOSgcm.x          00000000027E08A7  mit_geos5plugmod_         908  MIT_GEOS5PlugMod.F90
GEOSgcm.x          00000000032C1708  Unknown               Unknown  Unknown
GEOSgcm.x          00000000032C3816  Unknown               Unknown  Unknown
GEOSgcm.x          00000000032D317D  Unknown               Unknown  Unknown
GEOSgcm.x          00000000032C2269  Unknown               Unknown  Unknown
GEOSgcm.x          0000000003360DB5  Unknown               Unknown  Unknown
GEOSgcm.x          00000000034AADA8  Unknown               Unknown  Unknown
GEOSgcm.x          000000000309F87F  mapl_genericmod_m        1704  MAPL_Generic.F90
GEOSgcm.x          00000000027BC0B2  guestocean_gridco        1578  GuestOcean_GridComp.F90
GEOSgcm.x          00000000032C1708  Unknown               Unknown  Unknown
GEOSgcm.x          00000000032C3816  Unknown               Unknown  Unknown
GEOSgcm.x          00000000032D317D  Unknown               Unknown  Unknown
GEOSgcm.x          00000000032C2269  Unknown               Unknown  Unknown
GEOSgcm.x          0000000003360DB5  Unknown               Unknown  Unknown
GEOSgcm.x          00000000034AADA8  Unknown               Unknown  Unknown
GEOSgcm.x          000000000309F87F  mapl_genericmod_m        1704  MAPL_Generic.F90
GEOSgcm.x          00000000027A0783  geos_ogcmgridcomp        2064  GEOS_OgcmGridComp.F90
GEOSgcm.x          00000000032C1708  Unknown               Unknown  Unknown
GEOSgcm.x          00000000032C3816  Unknown               Unknown  Unknown
GEOSgcm.x          00000000032D317D  Unknown               Unknown  Unknown
GEOSgcm.x          00000000032C2269  Unknown               Unknown  Unknown
GEOSgcm.x          0000000003360DB5  Unknown               Unknown  Unknown
GEOSgcm.x          00000000034AADA8  Unknown               Unknown  Unknown
GEOSgcm.x          000000000051A384  geos_gcmgridcompm        1570  GEOS_GcmGridComp.F90
GEOSgcm.x          0000000000514EBA  geos_gcmgridcompm        1389  GEOS_GcmGridComp.F90
GEOSgcm.x          00000000032C1708  Unknown               Unknown  Unknown
GEOSgcm.x          00000000032C3816  Unknown               Unknown  Unknown
GEOSgcm.x          00000000032D317D  Unknown               Unknown  Unknown
GEOSgcm.x          00000000032C2269  Unknown               Unknown  Unknown
GEOSgcm.x          0000000003360DB5  Unknown               Unknown  Unknown
GEOSgcm.x          00000000034AADA8  Unknown               Unknown  Unknown
GEOSgcm.x          000000000309F87F  mapl_genericmod_m        1704  MAPL_Generic.F90
GEOSgcm.x          00000000032C1708  Unknown               Unknown  Unknown
GEOSgcm.x          00000000032C3816  Unknown               Unknown  Unknown
GEOSgcm.x          00000000032D317D  Unknown               Unknown  Unknown
GEOSgcm.x          00000000032C2269  Unknown               Unknown  Unknown
GEOSgcm.x          0000000003360DB5  Unknown               Unknown  Unknown
GEOSgcm.x          00000000034AADA8  Unknown               Unknown  Unknown
GEOSgcm.x          00000000030FBBDB  mapl_capmod_mp_ma         787  MAPL_Cap.F90
GEOSgcm.x          000000000050D689  MAIN__                     90  GEOSgcm.F90
GEOSgcm.x          000000000050D5BE  Unknown               Unknown  Unknown
libc.so.6          00002AAAAF755C36  Unknown               Unknown  Unknown
GEOSgcm.x          000000000050D4C9  Unknown               Unknown  Unknown
forrtl: severe (174): SIGSEGV, segmentation fault occurred
Image              PC                Routine            Line        Source             
libirc.so          00002AAAAF4E8961  Unknown               Unknown  Unknown
libirc.so          00002AAAAF4E70B7  Unknown               Unknown  Unknown
GEOSgcm.x          00000000041E1194  Unknown               Unknown  Unknown
GEOSgcm.x          00000000041E0FA6  Unknown               Unknown  Unknown
GEOSgcm.x          00000000041700CF  Unknown               Unknown  Unknown
GEOSgcm.x          0000000004179C6D  Unknown               Unknown  Unknown
libc.so.6          00002AAAAF769910  Unknown               Unknown  Unknown
GEOSgcm.x          00000000027E7B6B  Unknown               Unknown  Unknown
GEOSgcm.x          00000000027E08A7  mit_geos5plugmod_         908  MIT_GEOS5PlugMod.F90
GEOSgcm.x          00000000032C1708  Unknown               Unknown  Unknown
GEOSgcm.x          00000000032C3816  Unknown               Unknown  Unknown
GEOSgcm.x          00000000032D317D  Unknown               Unknown  Unknown
GEOSgcm.x          00000000032C2269  Unknown               Unknown  Unknown
GEOSgcm.x          0000000003360DB5  Unknown               Unknown  Unknown
GEOSgcm.x          00000000034AADA8  Unknown               Unknown  Unknown
GEOSgcm.x          000000000309F87F  mapl_genericmod_m        1704  MAPL_Generic.F90
GEOSgcm.x          00000000027BC0B2  guestocean_gridco        1578  GuestOcean_GridComp.F90
GEOSgcm.x          00000000032C1708  Unknown               Unknown  Unknown
GEOSgcm.x          00000000032C3816  Unknown               Unknown  Unknown
GEOSgcm.x          00000000032D317D  Unknown               Unknown  Unknown
GEOSgcm.x          00000000032C2269  Unknown               Unknown  Unknown
GEOSgcm.x          0000000003360DB5  Unknown               Unknown  Unknown
GEOSgcm.x          00000000034AADA8  Unknown               Unknown  Unknown
GEOSgcm.x          000000000309F87F  mapl_genericmod_m        1704  MAPL_Generic.F90
GEOSgcm.x          00000000027A0783  geos_ogcmgridcomp        2064  GEOS_OgcmGridComp.F90
GEOSgcm.x          00000000032C1708  Unknown               Unknown  Unknown
GEOSgcm.x          00000000032C3816  Unknown               Unknown  Unknown
GEOSgcm.x          00000000032D317D  Unknown               Unknown  Unknown
GEOSgcm.x          00000000032C2269  Unknown               Unknown  Unknown
GEOSgcm.x          0000000003360DB5  Unknown               Unknown  Unknown
GEOSgcm.x          00000000034AADA8  Unknown               Unknown  Unknown
GEOSgcm.x          000000000051A384  geos_gcmgridcompm        1570  GEOS_GcmGridComp.F90
GEOSgcm.x          0000000000514EBA  geos_gcmgridcompm        1389  GEOS_GcmGridComp.F90
GEOSgcm.x          00000000032C1708  Unknown               Unknown  Unknown
GEOSgcm.x          00000000032C3816  Unknown               Unknown  Unknown
GEOSgcm.x          00000000032D317D  Unknown               Unknown  Unknown
GEOSgcm.x          00000000032C2269  Unknown               Unknown  Unknown
GEOSgcm.x          0000000003360DB5  Unknown               Unknown  Unknown
GEOSgcm.x          00000000034AADA8  Unknown               Unknown  Unknown
GEOSgcm.x          000000000309F87F  mapl_genericmod_m        1704  MAPL_Generic.F90
GEOSgcm.x          00000000032C1708  Unknown               Unknown  Unknown
GEOSgcm.x          00000000032C3816  Unknown               Unknown  Unknown
GEOSgcm.x          00000000032D317D  Unknown               Unknown  Unknown
GEOSgcm.x          00000000032C2269  Unknown               Unknown  Unknown
GEOSgcm.x          0000000003360DB5  Unknown               Unknown  Unknown
GEOSgcm.x          00000000034AADA8  Unknown               Unknown  Unknown
GEOSgcm.x          00000000030FBBDB  mapl_capmod_mp_ma         787  MAPL_Cap.F90
GEOSgcm.x          000000000050D689  MAIN__                     90  GEOSgcm.F90
GEOSgcm.x          000000000050D5BE  Unknown               Unknown  Unknown
libc.so.6          00002AAAAF755C36  Unknown               Unknown  Unknown
GEOSgcm.x          000000000050D4C9  Unknown               Unknown  Unknown
forrtl: severe (174): SIGSEGV, segmentation fault occurred
Image              PC                Routine            Line        Source             
libirc.so          00002AAAAF4E8961  Unknown               Unknown  Unknown
libirc.so          00002AAAAF4E70B7  Unknown               Unknown  Unknown
GEOSgcm.x          00000000041E1194  Unknown               Unknown  Unknown
GEOSgcm.x          00000000041E0FA6  Unknown               Unknown  Unknown
GEOSgcm.x          00000000041700CF  Unknown               Unknown  Unknown
GEOSgcm.x          0000000004179C6D  Unknown               Unknown  Unknown
libc.so.6          00002AAAAF769910  Unknown               Unknown  Unknown
GEOSgcm.x          00000000027E7B6B  Unknown               Unknown  Unknown
GEOSgcm.x          00000000027E08A7  mit_geos5plugmod_         908  MIT_GEOS5PlugMod.F90
GEOSgcm.x          00000000032C1708  Unknown               Unknown  Unknown
GEOSgcm.x          00000000032C3816  Unknown               Unknown  Unknown
GEOSgcm.x          00000000032D317D  Unknown               Unknown  Unknown
GEOSgcm.x          00000000032C2269  Unknown               Unknown  Unknown
GEOSgcm.x          0000000003360DB5  Unknown               Unknown  Unknown
GEOSgcm.x          00000000034AADA8  Unknown               Unknown  Unknown
GEOSgcm.x          000000000309F87F  mapl_genericmod_m        1704  MAPL_Generic.F90
GEOSgcm.x          00000000027BC0B2  guestocean_gridco        1578  GuestOcean_GridComp.F90
GEOSgcm.x          00000000032C1708  Unknown               Unknown  Unknown
GEOSgcm.x          00000000032C3816  Unknown               Unknown  Unknown
GEOSgcm.x          00000000032D317D  Unknown               Unknown  Unknown
GEOSgcm.x          00000000032C2269  Unknown               Unknown  Unknown
GEOSgcm.x          0000000003360DB5  Unknown               Unknown  Unknown
GEOSgcm.x          00000000034AADA8  Unknown               Unknown  Unknown
GEOSgcm.x          000000000309F87F  mapl_genericmod_m        1704  MAPL_Generic.F90
GEOSgcm.x          00000000027A0783  geos_ogcmgridcomp        2064  GEOS_OgcmGridComp.F90
GEOSgcm.x          00000000032C1708  Unknown               Unknown  Unknown
GEOSgcm.x          00000000032C3816  Unknown               Unknown  Unknown
GEOSgcm.x          00000000032D317D  Unknown               Unknown  Unknown
GEOSgcm.x          00000000032C2269  Unknown               Unknown  Unknown
GEOSgcm.x          0000000003360DB5  Unknown               Unknown  Unknown
GEOSgcm.x          00000000034AADA8  Unknown               Unknown  Unknown
GEOSgcm.x          000000000051A384  geos_gcmgridcompm        1570  GEOS_GcmGridComp.F90
GEOSgcm.x          0000000000514EBA  geos_gcmgridcompm        1389  GEOS_GcmGridComp.F90
GEOSgcm.x          00000000032C1708  Unknown               Unknown  Unknown
GEOSgcm.x          00000000032C3816  Unknown               Unknown  Unknown
GEOSgcm.x          00000000032D317D  Unknown               Unknown  Unknown
GEOSgcm.x          00000000032C2269  Unknown               Unknown  Unknown
GEOSgcm.x          0000000003360DB5  Unknown               Unknown  Unknown
GEOSgcm.x          00000000034AADA8  Unknown               Unknown  Unknown
GEOSgcm.x          000000000309F87F  mapl_genericmod_m        1704  MAPL_Generic.F90
GEOSgcm.x          00000000032C1708  Unknown               Unknown  Unknown
GEOSgcm.x          00000000032C3816  Unknown               Unknown  Unknown
GEOSgcm.x          00000000032D317D  Unknown               Unknown  Unknown
GEOSgcm.x          00000000032C2269  Unknown               Unknown  Unknown
GEOSgcm.x          0000000003360DB5  Unknown               Unknown  Unknown
GEOSgcm.x          00000000034AADA8  Unknown               Unknown  Unknown
GEOSgcm.x          00000000030FBBDB  mapl_capmod_mp_ma         787  MAPL_Cap.F90
GEOSgcm.x          000000000050D689  MAIN__                     90  GEOSgcm.F90
GEOSgcm.x          000000000050D5BE  Unknown               Unknown  Unknown
libc.so.6          00002AAAAF755C36  Unknown               Unknown  Unknown
GEOSgcm.x          000000000050D4C9  Unknown               Unknown  Unknown
forrtl: severe (174): SIGSEGV, segmentation fault occurred
Image              PC                Routine            Line        Source             
libirc.so          00002AAAAF4E8961  Unknown               Unknown  Unknown
libirc.so          00002AAAAF4E70B7  Unknown               Unknown  Unknown
GEOSgcm.x          00000000041E1194  Unknown               Unknown  Unknown
GEOSgcm.x          00000000041E0FA6  Unknown               Unknown  Unknown
GEOSgcm.x          00000000041700CF  Unknown               Unknown  Unknown
GEOSgcm.x          0000000004179C6D  Unknown               Unknown  Unknown
libc.so.6          00002AAAAF769910  Unknown               Unknown  Unknown
GEOSgcm.x          00000000027E7B6B  Unknown               Unknown  Unknown
GEOSgcm.x          00000000027E08A7  mit_geos5plugmod_         908  MIT_GEOS5PlugMod.F90
GEOSgcm.x          00000000032C1708  Unknown               Unknown  Unknown
GEOSgcm.x          00000000032C3816  Unknown               Unknown  Unknown
GEOSgcm.x          00000000032D317D  Unknown               Unknown  Unknown
GEOSgcm.x          00000000032C2269  Unknown               Unknown  Unknown
GEOSgcm.x          0000000003360DB5  Unknown               Unknown  Unknown
GEOSgcm.x          00000000034AADA8  Unknown               Unknown  Unknown
GEOSgcm.x          000000000309F87F  mapl_genericmod_m        1704  MAPL_Generic.F90
GEOSgcm.x          00000000027BC0B2  guestocean_gridco        1578  GuestOcean_GridComp.F90
GEOSgcm.x          00000000032C1708  Unknown               Unknown  Unknown
GEOSgcm.x          00000000032C3816  Unknown               Unknown  Unknown
GEOSgcm.x          00000000032D317D  Unknown               Unknown  Unknown
GEOSgcm.x          00000000032C2269  Unknown               Unknown  Unknown
GEOSgcm.x          0000000003360DB5  Unknown               Unknown  Unknown
GEOSgcm.x          00000000034AADA8  Unknown               Unknown  Unknown
GEOSgcm.x          000000000309F87F  mapl_genericmod_m        1704  MAPL_Generic.F90
GEOSgcm.x          00000000027A0783  geos_ogcmgridcomp        2064  GEOS_OgcmGridComp.F90
GEOSgcm.x          00000000032C1708  Unknown               Unknown  Unknown
GEOSgcm.x          00000000032C3816  Unknown               Unknown  Unknown
GEOSgcm.x          00000000032D317D  Unknown               Unknown  Unknown
GEOSgcm.x          00000000032C2269  Unknown               Unknown  Unknown
GEOSgcm.x          0000000003360DB5  Unknown               Unknown  Unknown
GEOSgcm.x          00000000034AADA8  Unknown               Unknown  Unknown
GEOSgcm.x          000000000051A384  geos_gcmgridcompm        1570  GEOS_GcmGridComp.F90
GEOSgcm.x          0000000000514EBA  geos_gcmgridcompm        1389  GEOS_GcmGridComp.F90
GEOSgcm.x          00000000032C1708  Unknown               Unknown  Unknown
GEOSgcm.x          00000000032C3816  Unknown               Unknown  Unknown
GEOSgcm.x          00000000032D317D  Unknown               Unknown  Unknown
GEOSgcm.x          00000000032C2269  Unknown               Unknown  Unknown
GEOSgcm.x          0000000003360DB5  Unknown               Unknown  Unknown
GEOSgcm.x          00000000034AADA8  Unknown               Unknown  Unknown
GEOSgcm.x          000000000309F87F  mapl_genericmod_m        1704  MAPL_Generic.F90
GEOSgcm.x          00000000032C1708  Unknown               Unknown  Unknown
GEOSgcm.x          00000000032C3816  Unknown               Unknown  Unknown
GEOSgcm.x          00000000032D317D  Unknown               Unknown  Unknown
GEOSgcm.x          00000000032C2269  Unknown               Unknown  Unknown
GEOSgcm.x          0000000003360DB5  Unknown               Unknown  Unknown
GEOSgcm.x          00000000034AADA8  Unknown               Unknown  Unknown
GEOSgcm.x          00000000030FBBDB  mapl_capmod_mp_ma         787  MAPL_Cap.F90
GEOSgcm.x          000000000050D689  MAIN__                     90  GEOSgcm.F90
GEOSgcm.x          000000000050D5BE  Unknown               Unknown  Unknown
libc.so.6          00002AAAAF755C36  Unknown               Unknown  Unknown
GEOSgcm.x          000000000050D4C9  Unknown               Unknown  Unknown
forrtl: severe (174): SIGSEGV, segmentation fault occurred
Image              PC                Routine            Line        Source             
libirc.so          00002AAAAF4E8961  Unknown               Unknown  Unknown
libirc.so          00002AAAAF4E70B7  Unknown               Unknown  Unknown
GEOSgcm.x          00000000041E1194  Unknown               Unknown  Unknown
GEOSgcm.x          00000000041E0FA6  Unknown               Unknown  Unknown
GEOSgcm.x          00000000041700CF  Unknown               Unknown  Unknown
GEOSgcm.x          0000000004179C6D  Unknown               Unknown  Unknown
libc.so.6          00002AAAAF769910  Unknown               Unknown  Unknown
GEOSgcm.x          00000000027E7B6B  Unknown               Unknown  Unknown
GEOSgcm.x          00000000027E08A7  mit_geos5plugmod_         908  MIT_GEOS5PlugMod.F90
GEOSgcm.x          00000000032C1708  Unknown               Unknown  Unknown
GEOSgcm.x          00000000032C3816  Unknown               Unknown  Unknown
GEOSgcm.x          00000000032D317D  Unknown               Unknown  Unknown
GEOSgcm.x          00000000032C2269  Unknown               Unknown  Unknown
GEOSgcm.x          0000000003360DB5  Unknown               Unknown  Unknown
GEOSgcm.x          00000000034AADA8  Unknown               Unknown  Unknown
GEOSgcm.x          000000000309F87F  mapl_genericmod_m        1704  MAPL_Generic.F90
GEOSgcm.x          00000000027BC0B2  guestocean_gridco        1578  GuestOcean_GridComp.F90
GEOSgcm.x          00000000032C1708  Unknown               Unknown  Unknown
GEOSgcm.x          00000000032C3816  Unknown               Unknown  Unknown
GEOSgcm.x          00000000032D317D  Unknown               Unknown  Unknown
GEOSgcm.x          00000000032C2269  Unknown               Unknown  Unknown
GEOSgcm.x          0000000003360DB5  Unknown               Unknown  Unknown
GEOSgcm.x          00000000034AADA8  Unknown               Unknown  Unknown
GEOSgcm.x          000000000309F87F  mapl_genericmod_m        1704  MAPL_Generic.F90
GEOSgcm.x          00000000027A0783  geos_ogcmgridcomp        2064  GEOS_OgcmGridComp.F90
GEOSgcm.x          00000000032C1708  Unknown               Unknown  Unknown
GEOSgcm.x          00000000032C3816  Unknown               Unknown  Unknown
GEOSgcm.x          00000000032D317D  Unknown               Unknown  Unknown
GEOSgcm.x          00000000032C2269  Unknown               Unknown  Unknown
GEOSgcm.x          0000000003360DB5  Unknown               Unknown  Unknown
GEOSgcm.x          00000000034AADA8  Unknown               Unknown  Unknown
GEOSgcm.x          000000000051A384  geos_gcmgridcompm        1570  GEOS_GcmGridComp.F90
GEOSgcm.x          0000000000514EBA  geos_gcmgridcompm        1389  GEOS_GcmGridComp.F90
GEOSgcm.x          00000000032C1708  Unknown               Unknown  Unknown
GEOSgcm.x          00000000032C3816  Unknown               Unknown  Unknown
GEOSgcm.x          00000000032D317D  Unknown               Unknown  Unknown
GEOSgcm.x          00000000032C2269  Unknown               Unknown  Unknown
GEOSgcm.x          0000000003360DB5  Unknown               Unknown  Unknown
GEOSgcm.x          00000000034AADA8  Unknown               Unknown  Unknown
GEOSgcm.x          000000000309F87F  mapl_genericmod_m        1704  MAPL_Generic.F90
GEOSgcm.x          00000000032C1708  Unknown               Unknown  Unknown
GEOSgcm.x          00000000032C3816  Unknown               Unknown  Unknown
GEOSgcm.x          00000000032D317D  Unknown               Unknown  Unknown
GEOSgcm.x          00000000032C2269  Unknown               Unknown  Unknown
GEOSgcm.x          0000000003360DB5  Unknown               Unknown  Unknown
GEOSgcm.x          00000000034AADA8  Unknown               Unknown  Unknown
GEOSgcm.x          00000000030FBBDB  mapl_capmod_mp_ma         787  MAPL_Cap.F90
GEOSgcm.x          000000000050D689  MAIN__                     90  GEOSgcm.F90
GEOSgcm.x          000000000050D5BE  Unknown               Unknown  Unknown
libc.so.6          00002AAAAF755C36  Unknown               Unknown  Unknown
GEOSgcm.x          000000000050D4C9  Unknown               Unknown  Unknown
GEOSgcm Run Status: -1
