Get compiler version using: /usr/local/intel/Composer/composer_xe_2015.2.164/bin/intel64/ifort --version
ifort (IFORT) 15.0.2 20150121
Copyright (C) 1985-2015 Intel Corporation.  All rights reserved.

<-- compiler version ----

running: look_for_makedepend()
 --> set MAKEDEPEND=$(TOOLSDIR)/xmakedepend

running: check_HAVE_CLOC()
 running: get_fortran_c_namemangling()
 gcc -O0 -mcmodel=medium -c genmake_test.c
 /usr/local/intel/Composer/composer_xe_2015.2.164/bin/intel64/ifort -m64 -convert big_endian -assume byterecl -mcmodel=medium -c genmake_tcomp.f
 --> set FC_NAMEMANGLE='#define FC_NAMEMANGLE(X)  X ## _'
gcc -O0 -mcmodel=medium -c genmake_tc_1.c
/usr/local/intel/Composer/composer_xe_2015.2.164/bin/intel64/ifort -m64 -convert big_endian -assume byterecl -mcmodel=medium -o genmake_tc genmake_tc_2.f genmake_tc_1.o
  HELLO WORLD   1529535251.69806     
 --> set HAVE_CLOC='t'

running: check_HAVE_SETRLSTK()
gcc -O0 -mcmodel=medium -c genmake_tc_1.c
      program hello
      external setrlstk
      call setrlstk()
      end
/usr/local/intel/Composer/composer_xe_2015.2.164/bin/intel64/ifort -m64 -convert big_endian -assume byterecl -mcmodel=medium -o genmake_tc genmake_tc_2.f genmake_tc_1.o
 --> set HAVE_SETRLSTK='t'

running: check_HAVE_SIGREG()
gcc -O0 -mcmodel=medium -c genmake_tc_1.c
      program hello
      integer anint
      common /iv/ anint
      external sigreg
      call sigreg(anint)
      end
/usr/local/intel/Composer/composer_xe_2015.2.164/bin/intel64/ifort -m64 -convert big_endian -assume byterecl -mcmodel=medium -o genmake_tc genmake_tc_2.f genmake_tc_1.o
 --> set HAVE_SIGREG='t'

running: check_HAVE_STAT()
gcc -O0 -mcmodel=medium -c genmake_tc_1.c
      program hello
      integer nbyte
      call tfsize(nbyte)
      print *," HELLO WORLD", nbyte
      end
/usr/local/intel/Composer/composer_xe_2015.2.164/bin/intel64/ifort -m64 -convert big_endian -assume byterecl -mcmodel=medium -o genmake_tc genmake_tc_2.f genmake_tc_1.o
 --> set HAVE_STAT='t'

running: check_netcdf_libs()
===  genmake_tnc.F  >>>
      program fgennc
#include "netcdf.inc"
      integer iret, ncid, xid
      iret = nf_create('genmake_tnc.nc', NF_CLOBBER, ncid)
      IF (iret .NE. NF_NOERR) write(*,*) NF_STRERROR(iret)
      iret = nf_def_dim(ncid, 'X', 11, xid)
      IF (iret .NE. NF_NOERR) write(*,*) NF_STRERROR(iret)
      iret = nf_close(ncid)
      IF (iret .NE. NF_NOERR) write(*,*) NF_STRERROR(iret)
      end
<<<  genmake_tnc.F  ===
cat genmake_tnc.F |  cpp -traditional -P -DWORDLENGTH=4 -DALLOW_USE_MPI -DHAVE_SYSTEM -DHAVE_FDATE -DHAVE_ETIME_FCT -DHAVE_CLOC -DHAVE_SETRLSTK -DHAVE_SIGREG -DHAVE_STAT  -I/usr/local/other/SLES11.1/mvapich2/1.8.1/intel-13.1.2.183/include
  WARNING: CPP failed to pre-process the netcdf test.
    Please check that $INCLUDES is properly set.
/usr/local/intel/Composer/composer_xe_2015.2.164/bin/intel64/ifort  -m64 -convert big_endian -assume byterecl -mcmodel=medium -O0 -fp-model source -noalign -xHost -c genmake_tnc.f  \ 
  &&  mpif90 -shared-intel -no-ipo  -m64 -convert big_endian -assume byterecl -mcmodel=medium -O0 -fp-model source -noalign -xHost -o genmake_tnc.o 
genmake_tnc.f(1): error #5082: Syntax error, found END-OF-FILE when expecting one of: <LABEL> <END-OF-STATEMENT> ; BLOCK PROGRAM BLOCKDATA MODULE INTEGER REAL COMPLEX ...
      program fgennc
--------------------^
compilation aborted for genmake_tnc.f (code 1)

==> try again with added '-lnetcdf'
cat genmake_tnc.F |  cpp -traditional -P -DWORDLENGTH=4 -DALLOW_USE_MPI -DHAVE_SYSTEM -DHAVE_FDATE -DHAVE_ETIME_FCT -DHAVE_CLOC -DHAVE_SETRLSTK -DHAVE_SIGREG -DHAVE_STAT  -I/usr/local/other/SLES11.1/mvapich2/1.8.1/intel-13.1.2.183/include > genmake_tnc.f \ 
 &&  /usr/local/intel/Composer/composer_xe_2015.2.164/bin/intel64/ifort  -m64 -convert big_endian -assume byterecl -mcmodel=medium -O0 -fp-model source -noalign -xHost -c genmake_tnc.f \ 
 &&  mpif90 -shared-intel -no-ipo  -m64 -convert big_endian -assume byterecl -mcmodel=medium -O0 -fp-model source -noalign -xHost -o genmake_tnc genmake_tnc.o  -lnetcdf

==> try again with added '-lnetcdff -lnetcdf'
cat genmake_tnc.F |  cpp -traditional -P -DWORDLENGTH=4 -DALLOW_USE_MPI -DHAVE_SYSTEM -DHAVE_FDATE -DHAVE_ETIME_FCT -DHAVE_CLOC -DHAVE_SETRLSTK -DHAVE_SIGREG -DHAVE_STAT  -I/usr/local/other/SLES11.1/mvapich2/1.8.1/intel-13.1.2.183/include > genmake_tnc.f \ 
 &&  /usr/local/intel/Composer/composer_xe_2015.2.164/bin/intel64/ifort  -m64 -convert big_endian -assume byterecl -mcmodel=medium -O0 -fp-model source -noalign -xHost -c genmake_tnc.f \ 
 &&  mpif90 -shared-intel -no-ipo  -m64 -convert big_endian -assume byterecl -mcmodel=medium -O0 -fp-model source -noalign -xHost -o genmake_tnc genmake_tnc.o  -lnetcdf
 --> set HAVE_NETCDF=''

running: check_HAVE_FLUSH()
  check_HAVE_FLUSH: successful
 --> set HAVE_FLUSH='t'
